<?xml version="1.0" encoding="UTF-8"?>
<coverage generated="1782398362418" clover="3.2.0">
  <project timestamp="1782398362418" name="All files">
    <metrics statements="270" coveredstatements="256" conditionals="164" coveredconditionals="146" methods="78" coveredmethods="74" elements="512" coveredelements="476" complexity="0" loc="270" ncloc="270" packages="14" files="30" classes="30"/>
    <package name="api">
      <metrics statements="15" coveredstatements="10" conditionals="8" coveredconditionals="5" methods="4" coveredmethods="1"/>
      <file name="axiosInstance.js" path="D:\RPrem\Desktop\mern-notes-project\notes-client\src\api\axiosInstance.js">
        <metrics statements="15" coveredstatements="10" conditionals="8" coveredconditionals="5" methods="4" coveredmethods="1"/>
        <line num="4" count="1" type="stmt"/>
        <line num="8" count="1" type="stmt"/>
        <line num="10" count="4" type="stmt"/>
        <line num="12" count="4" type="cond" truecount="2" falsecount="0"/>
        <line num="13" count="1" type="stmt"/>
        <line num="16" count="4" type="cond" truecount="2" falsecount="0"/>
        <line num="17" count="1" type="stmt"/>
        <line num="19" count="3" type="stmt"/>
        <line num="22" count="4" type="stmt"/>
        <line num="24" count="0" type="stmt"/>
        <line num="27" count="1" type="stmt"/>
        <line num="28" count="0" type="stmt"/>
        <line num="30" count="0" type="cond" truecount="0" falsecount="2"/>
        <line num="31" count="0" type="stmt"/>
        <line num="34" count="0" type="stmt"/>
      </file>
    </package>
    <package name="components.attachments">
      <metrics statements="29" coveredstatements="27" conditionals="32" coveredconditionals="26" methods="8" coveredmethods="8"/>
      <file name="AttachmentForm.jsx" path="D:\RPrem\Desktop\mern-notes-project\notes-client\src\components\attachments\AttachmentForm.jsx">
        <metrics statements="22" coveredstatements="20" conditionals="11" coveredconditionals="9" methods="5" coveredmethods="5"/>
        <line num="6" count="8" type="stmt"/>
        <line num="7" count="8" type="stmt"/>
        <line num="10" count="1" type="stmt"/>
        <line num="12" count="1" type="stmt"/>
        <line num="13" count="1" type="stmt"/>
        <line num="17" count="2" type="stmt"/>
        <line num="18" count="2" type="stmt"/>
        <line num="20" count="2" type="cond" truecount="2" falsecount="0"/>
        <line num="21" count="1" type="stmt"/>
        <line num="22" count="1" type="stmt"/>
        <line num="25" count="1" type="cond" truecount="1" falsecount="1"/>
        <line num="26" count="0" type="stmt"/>
        <line num="27" count="0" type="stmt"/>
        <line num="30" count="1" type="stmt"/>
        <line num="32" count="1" type="stmt"/>
        <line num="33" count="1" type="stmt"/>
        <line num="36" count="1" type="stmt"/>
        <line num="38" count="1" type="cond" truecount="1" falsecount="1"/>
        <line num="39" count="1" type="stmt"/>
        <line num="40" count="1" type="stmt"/>
        <line num="44" count="8" type="stmt"/>
        <line num="65" count="2" type="stmt"/>
      </file>
      <file name="AttachmentList.jsx" path="D:\RPrem\Desktop\mern-notes-project\notes-client\src\components\attachments\AttachmentList.jsx">
        <metrics statements="7" coveredstatements="7" conditionals="21" coveredconditionals="17" methods="3" coveredmethods="3"/>
        <line num="10" count="4" type="cond" truecount="4" falsecount="0"/>
        <line num="11" count="1" type="stmt"/>
        <line num="14" count="3" type="stmt"/>
        <line num="20" count="4" type="stmt"/>
        <line num="21" count="4" type="stmt"/>
        <line num="23" count="4" type="stmt"/>
        <line num="46" count="1" type="stmt"/>
      </file>
    </package>
    <package name="components.auth">
      <metrics statements="31" coveredstatements="31" conditionals="16" coveredconditionals="16" methods="8" coveredmethods="8"/>
      <file name="LoginForm.jsx" path="D:\RPrem\Desktop\mern-notes-project\notes-client\src\components\auth\LoginForm.jsx">
        <metrics statements="14" coveredstatements="14" conditionals="7" coveredconditionals="7" methods="4" coveredmethods="4"/>
        <line num="7" count="62" type="stmt"/>
        <line num="12" count="62" type="stmt"/>
        <line num="15" count="54" type="stmt"/>
        <line num="17" count="54" type="stmt"/>
        <line num="24" count="3" type="stmt"/>
        <line num="25" count="3" type="stmt"/>
        <line num="27" count="3" type="cond" truecount="2" falsecount="0"/>
        <line num="28" count="1" type="stmt"/>
        <line num="29" count="1" type="stmt"/>
        <line num="32" count="2" type="cond" truecount="2" falsecount="0"/>
        <line num="33" count="1" type="stmt"/>
        <line num="34" count="1" type="stmt"/>
        <line num="37" count="1" type="stmt"/>
        <line num="40" count="62" type="stmt"/>
      </file>
      <file name="RegisterForm.jsx" path="D:\RPrem\Desktop\mern-notes-project\notes-client\src\components\auth\RegisterForm.jsx">
        <metrics statements="17" coveredstatements="17" conditionals="9" coveredconditionals="9" methods="4" coveredmethods="4"/>
        <line num="7" count="106" type="stmt"/>
        <line num="13" count="106" type="stmt"/>
        <line num="16" count="96" type="stmt"/>
        <line num="18" count="96" type="stmt"/>
        <line num="25" count="4" type="stmt"/>
        <line num="26" count="4" type="stmt"/>
        <line num="28" count="4" type="cond" truecount="2" falsecount="0"/>
        <line num="29" count="1" type="stmt"/>
        <line num="30" count="1" type="stmt"/>
        <line num="33" count="3" type="cond" truecount="2" falsecount="0"/>
        <line num="34" count="1" type="stmt"/>
        <line num="35" count="1" type="stmt"/>
        <line num="38" count="2" type="cond" truecount="2" falsecount="0"/>
        <line num="39" count="1" type="stmt"/>
        <line num="40" count="1" type="stmt"/>
        <line num="43" count="1" type="stmt"/>
        <line num="46" count="106" type="stmt"/>
      </file>
    </package>
    <package name="components.comments">
      <metrics statements="17" coveredstatements="17" conditionals="16" coveredconditionals="14" methods="5" coveredmethods="5"/>
      <file name="CommentForm.jsx" path="D:\RPrem\Desktop\mern-notes-project\notes-client\src\components\comments\CommentForm.jsx">
        <metrics statements="13" coveredstatements="13" conditionals="7" coveredconditionals="6" methods="3" coveredmethods="3"/>
        <line num="7" count="35" type="stmt"/>
        <line num="8" count="35" type="stmt"/>
        <line num="11" count="3" type="stmt"/>
        <line num="12" count="3" type="stmt"/>
        <line num="14" count="3" type="stmt"/>
        <line num="16" count="3" type="cond" truecount="2" falsecount="0"/>
        <line num="17" count="1" type="stmt"/>
        <line num="18" count="1" type="stmt"/>
        <line num="21" count="2" type="stmt"/>
        <line num="23" count="2" type="cond" truecount="1" falsecount="1"/>
        <line num="24" count="2" type="stmt"/>
        <line num="28" count="35" type="stmt"/>
        <line num="38" count="28" type="stmt"/>
      </file>
      <file name="CommentsList.jsx" path="D:\RPrem\Desktop\mern-notes-project\notes-client\src\components\comments\CommentsList.jsx">
        <metrics statements="4" coveredstatements="4" conditionals="9" coveredconditionals="8" methods="2" coveredmethods="2"/>
        <line num="4" count="2" type="cond" truecount="2" falsecount="0"/>
        <line num="5" count="1" type="stmt"/>
        <line num="8" count="1" type="stmt"/>
        <line num="14" count="2" type="stmt"/>
      </file>
    </package>
    <package name="components.common">
      <metrics statements="11" coveredstatements="11" conditionals="17" coveredconditionals="17" methods="7" coveredmethods="7"/>
      <file name="Button.jsx" path="D:\RPrem\Desktop\mern-notes-project\notes-client\src\components\common\Button.jsx">
        <metrics statements="1" coveredstatements="1" conditionals="3" coveredconditionals="3" methods="1" coveredmethods="1"/>
        <line num="8" count="583" type="stmt"/>
      </file>
      <file name="Card.jsx" path="D:\RPrem\Desktop\mern-notes-project\notes-client\src\components\common\Card.jsx">
        <metrics statements="1" coveredstatements="1" conditionals="1" coveredconditionals="1" methods="1" coveredmethods="1"/>
        <line num="2" count="10" type="stmt"/>
      </file>
      <file name="ErrorMessage.jsx" path="D:\RPrem\Desktop\mern-notes-project\notes-client\src\components\common\ErrorMessage.jsx">
        <metrics statements="3" coveredstatements="3" conditionals="2" coveredconditionals="2" methods="1" coveredmethods="1"/>
        <line num="2" count="486" type="cond" truecount="2" falsecount="0"/>
        <line num="3" count="469" type="stmt"/>
        <line num="6" count="17" type="stmt"/>
      </file>
      <file name="Input.jsx" path="D:\RPrem\Desktop\mern-notes-project\notes-client\src\components\common\Input.jsx">
        <metrics statements="1" coveredstatements="1" conditionals="4" coveredconditionals="4" methods="1" coveredmethods="1"/>
        <line num="9" count="707" type="stmt"/>
      </file>
      <file name="Loader.jsx" path="D:\RPrem\Desktop\mern-notes-project\notes-client\src\components\common\Loader.jsx">
        <metrics statements="1" coveredstatements="1" conditionals="1" coveredconditionals="1" methods="1" coveredmethods="1"/>
        <line num="2" count="2" type="stmt"/>
      </file>
      <file name="SuccessMessage.jsx" path="D:\RPrem\Desktop\mern-notes-project\notes-client\src\components\common\SuccessMessage.jsx">
        <metrics statements="3" coveredstatements="3" conditionals="2" coveredconditionals="2" methods="1" coveredmethods="1"/>
        <line num="2" count="2" type="cond" truecount="2" falsecount="0"/>
        <line num="3" count="1" type="stmt"/>
        <line num="6" count="1" type="stmt"/>
      </file>
      <file name="Textarea.jsx" path="D:\RPrem\Desktop\mern-notes-project\notes-client\src\components\common\Textarea.jsx">
        <metrics statements="1" coveredstatements="1" conditionals="4" coveredconditionals="4" methods="1" coveredmethods="1"/>
        <line num="9" count="286" type="stmt"/>
      </file>
    </package>
    <package name="components.notes">
      <metrics statements="47" coveredstatements="45" conditionals="37" coveredconditionals="37" methods="15" coveredmethods="14"/>
      <file name="NoteCard.jsx" path="D:\RPrem\Desktop\mern-notes-project\notes-client\src\components\notes\NoteCard.jsx">
        <metrics statements="4" coveredstatements="4" conditionals="7" coveredconditionals="7" methods="4" coveredmethods="4"/>
        <line num="12" count="10" type="stmt"/>
        <line num="34" count="1" type="stmt"/>
        <line num="42" count="1" type="stmt"/>
        <line num="50" count="1" type="stmt"/>
      </file>
      <file name="NoteForm.jsx" path="D:\RPrem\Desktop\mern-notes-project\notes-client\src\components\notes\NoteForm.jsx">
        <metrics statements="32" coveredstatements="32" conditionals="23" coveredconditionals="23" methods="5" coveredmethods="5"/>
        <line num="14" count="254" type="stmt"/>
        <line num="15" count="254" type="stmt"/>
        <line num="16" count="254" type="stmt"/>
        <line num="18" count="254" type="stmt"/>
        <line num="19" count="11" type="cond" truecount="2" falsecount="0"/>
        <line num="20" count="4" type="stmt"/>
        <line num="21" count="4" type="stmt"/>
        <line num="23" count="7" type="stmt"/>
        <line num="24" count="7" type="stmt"/>
        <line num="27" count="11" type="stmt"/>
        <line num="31" count="7" type="stmt"/>
        <line num="32" count="7" type="stmt"/>
        <line num="34" count="7" type="cond" truecount="2" falsecount="0"/>
        <line num="35" count="1" type="stmt"/>
        <line num="36" count="1" type="stmt"/>
        <line num="39" count="6" type="cond" truecount="2" falsecount="0"/>
        <line num="40" count="1" type="stmt"/>
        <line num="41" count="1" type="stmt"/>
        <line num="44" count="5" type="cond" truecount="2" falsecount="0"/>
        <line num="45" count="1" type="stmt"/>
        <line num="46" count="1" type="stmt"/>
        <line num="49" count="4" type="cond" truecount="2" falsecount="0"/>
        <line num="50" count="1" type="stmt"/>
        <line num="51" count="1" type="stmt"/>
        <line num="54" count="3" type="cond" truecount="2" falsecount="0"/>
        <line num="55" count="1" type="stmt"/>
        <line num="61" count="2" type="stmt"/>
        <line num="68" count="3" type="stmt"/>
        <line num="69" count="3" type="stmt"/>
        <line num="72" count="254" type="stmt"/>
        <line num="82" count="148" type="stmt"/>
        <line num="91" count="78" type="stmt"/>
      </file>
      <file name="NoteSearch.jsx" path="D:\RPrem\Desktop\mern-notes-project\notes-client\src\components\notes\NoteSearch.jsx">
        <metrics statements="7" coveredstatements="5" conditionals="1" coveredconditionals="1" methods="4" coveredmethods="3"/>
        <line num="6" count="19" type="stmt"/>
        <line num="9" count="2" type="stmt"/>
        <line num="11" count="2" type="stmt"/>
        <line num="15" count="0" type="stmt"/>
        <line num="16" count="0" type="stmt"/>
        <line num="19" count="19" type="stmt"/>
        <line num="25" count="16" type="stmt"/>
      </file>
      <file name="NotesList.jsx" path="D:\RPrem\Desktop\mern-notes-project\notes-client\src\components\notes\NotesList.jsx">
        <metrics statements="4" coveredstatements="4" conditionals="6" coveredconditionals="6" methods="2" coveredmethods="2"/>
        <line num="11" count="3" type="cond" truecount="2" falsecount="0"/>
        <line num="12" count="2" type="stmt"/>
        <line num="26" count="1" type="stmt"/>
        <line num="29" count="2" type="stmt"/>
      </file>
    </package>
    <package name="components.profile">
      <metrics statements="43" coveredstatements="39" conditionals="19" coveredconditionals="16" methods="5" coveredmethods="5"/>
      <file name="ProfileImageForm.jsx" path="D:\RPrem\Desktop\mern-notes-project\notes-client\src\components\profile\ProfileImageForm.jsx">
        <metrics statements="43" coveredstatements="39" conditionals="19" coveredconditionals="16" methods="5" coveredmethods="5"/>
        <line num="7" count="14" type="stmt"/>
        <line num="8" count="14" type="stmt"/>
        <line num="9" count="14" type="stmt"/>
        <line num="11" count="14" type="stmt"/>
        <line num="12" count="10" type="stmt"/>
        <line num="13" count="10" type="cond" truecount="2" falsecount="0"/>
        <line num="14" count="2" type="stmt"/>
        <line num="20" count="4" type="stmt"/>
        <line num="22" count="4" type="cond" truecount="1" falsecount="1"/>
        <line num="23" count="0" type="stmt"/>
        <line num="24" count="0" type="stmt"/>
        <line num="25" count="0" type="stmt"/>
        <line num="28" count="4" type="cond" truecount="2" falsecount="0"/>
        <line num="29" count="1" type="stmt"/>
        <line num="30" count="1" type="stmt"/>
        <line num="31" count="1" type="stmt"/>
        <line num="32" count="1" type="stmt"/>
        <line num="35" count="3" type="stmt"/>
        <line num="37" count="3" type="cond" truecount="2" falsecount="0"/>
        <line num="38" count="1" type="stmt"/>
        <line num="39" count="1" type="stmt"/>
        <line num="40" count="1" type="stmt"/>
        <line num="41" count="1" type="stmt"/>
        <line num="44" count="2" type="cond" truecount="1" falsecount="1"/>
        <line num="45" count="0" type="stmt"/>
        <line num="48" count="2" type="stmt"/>
        <line num="49" count="2" type="stmt"/>
        <line num="50" count="2" type="stmt"/>
        <line num="54" count="2" type="stmt"/>
        <line num="55" count="2" type="stmt"/>
        <line num="57" count="2" type="cond" truecount="2" falsecount="0"/>
        <line num="58" count="1" type="stmt"/>
        <line num="59" count="1" type="stmt"/>
        <line num="62" count="1" type="stmt"/>
        <line num="63" count="1" type="stmt"/>
        <line num="65" count="1" type="stmt"/>
        <line num="66" count="1" type="stmt"/>
        <line num="69" count="1" type="stmt"/>
        <line num="71" count="1" type="cond" truecount="1" falsecount="1"/>
        <line num="72" count="1" type="stmt"/>
        <line num="73" count="1" type="stmt"/>
        <line num="74" count="1" type="stmt"/>
        <line num="78" count="14" type="stmt"/>
      </file>
    </package>
    <package name="features.auth">
      <metrics statements="12" coveredstatements="12" conditionals="2" coveredconditionals="2" methods="6" coveredmethods="6"/>
      <file name="authService.js" path="D:\RPrem\Desktop\mern-notes-project\notes-client\src\features\auth\authService.js">
        <metrics statements="5" coveredstatements="5" conditionals="0" coveredconditionals="0" methods="2" coveredmethods="2"/>
        <line num="4" count="1" type="stmt"/>
        <line num="5" count="1" type="stmt"/>
        <line num="9" count="1" type="stmt"/>
        <line num="10" count="1" type="stmt"/>
        <line num="13" count="1" type="stmt"/>
      </file>
      <file name="authUtils.js" path="D:\RPrem\Desktop\mern-notes-project\notes-client\src\features\auth\authUtils.js">
        <metrics statements="7" coveredstatements="7" conditionals="2" coveredconditionals="2" methods="4" coveredmethods="4"/>
        <line num="1" count="2" type="stmt"/>
        <line num="4" count="2" type="cond" truecount="2" falsecount="0"/>
        <line num="5" count="1" type="stmt"/>
        <line num="7" count="1" type="stmt"/>
        <line num="11" count="7" type="stmt"/>
        <line num="15" count="1" type="stmt"/>
        <line num="19" count="2" type="stmt"/>
      </file>
    </package>
    <package name="features.comments">
      <metrics statements="5" coveredstatements="5" conditionals="0" coveredconditionals="0" methods="2" coveredmethods="2"/>
      <file name="commentService.js" path="D:\RPrem\Desktop\mern-notes-project\notes-client\src\features\comments\commentService.js">
        <metrics statements="5" coveredstatements="5" conditionals="0" coveredconditionals="0" methods="2" coveredmethods="2"/>
        <line num="4" count="1" type="stmt"/>
        <line num="5" count="1" type="stmt"/>
        <line num="9" count="1" type="stmt"/>
        <line num="13" count="1" type="stmt"/>
        <line num="16" count="1" type="stmt"/>
      </file>
    </package>
    <package name="features.notes">
      <metrics statements="15" coveredstatements="15" conditionals="4" coveredconditionals="4" methods="7" coveredmethods="7"/>
      <file name="noteService.js" path="D:\RPrem\Desktop\mern-notes-project\notes-client\src\features\notes\noteService.js">
        <metrics statements="15" coveredstatements="15" conditionals="4" coveredconditionals="4" methods="7" coveredmethods="7"/>
        <line num="4" count="1" type="stmt"/>
        <line num="11" count="1" type="stmt"/>
        <line num="15" count="1" type="stmt"/>
        <line num="16" count="1" type="stmt"/>
        <line num="20" count="1" type="stmt"/>
        <line num="21" count="1" type="stmt"/>
        <line num="25" count="1" type="stmt"/>
        <line num="26" count="1" type="stmt"/>
        <line num="30" count="1" type="stmt"/>
        <line num="31" count="1" type="stmt"/>
        <line num="35" count="1" type="stmt"/>
        <line num="40" count="1" type="stmt"/>
        <line num="44" count="1" type="stmt"/>
        <line num="48" count="1" type="stmt"/>
        <line num="51" count="1" type="stmt"/>
      </file>
    </package>
    <package name="features.profile">
      <metrics statements="7" coveredstatements="7" conditionals="0" coveredconditionals="0" methods="3" coveredmethods="3"/>
      <file name="profileService.js" path="D:\RPrem\Desktop\mern-notes-project\notes-client\src\features\profile\profileService.js">
        <metrics statements="7" coveredstatements="7" conditionals="0" coveredconditionals="0" methods="3" coveredmethods="3"/>
        <line num="4" count="1" type="stmt"/>
        <line num="5" count="1" type="stmt"/>
        <line num="9" count="1" type="stmt"/>
        <line num="10" count="1" type="stmt"/>
        <line num="14" count="1" type="stmt"/>
        <line num="15" count="1" type="stmt"/>
        <line num="18" count="1" type="stmt"/>
      </file>
    </package>
    <package name="pages">
      <metrics statements="26" coveredstatements="26" conditionals="2" coveredconditionals="2" methods="4" coveredmethods="4"/>
      <file name="LoginPage.jsx" path="D:\RPrem\Desktop\mern-notes-project\notes-client\src\pages\LoginPage.jsx">
        <metrics statements="15" coveredstatements="15" conditionals="2" coveredconditionals="2" methods="2" coveredmethods="2"/>
        <line num="11" count="8" type="stmt"/>
        <line num="12" count="8" type="stmt"/>
        <line num="14" count="8" type="stmt"/>
        <line num="15" count="8" type="stmt"/>
        <line num="16" count="8" type="stmt"/>
        <line num="18" count="8" type="stmt"/>
        <line num="21" count="2" type="stmt"/>
        <line num="22" count="2" type="stmt"/>
        <line num="23" count="2" type="stmt"/>
        <line num="25" count="2" type="stmt"/>
        <line num="27" count="1" type="stmt"/>
        <line num="29" count="1" type="stmt"/>
        <line num="31" count="1" type="stmt"/>
        <line num="33" count="2" type="stmt"/>
        <line num="37" count="8" type="stmt"/>
      </file>
      <file name="RegisterPage.jsx" path="D:\RPrem\Desktop\mern-notes-project\notes-client\src\pages\RegisterPage.jsx">
        <metrics statements="11" coveredstatements="11" conditionals="0" coveredconditionals="0" methods="2" coveredmethods="2"/>
        <line num="10" count="7" type="stmt"/>
        <line num="11" count="7" type="stmt"/>
        <line num="13" count="7" type="stmt"/>
        <line num="16" count="2" type="stmt"/>
        <line num="17" count="2" type="stmt"/>
        <line num="18" count="2" type="stmt"/>
        <line num="20" count="2" type="stmt"/>
        <line num="22" count="1" type="stmt"/>
        <line num="28" count="1" type="stmt"/>
        <line num="30" count="2" type="stmt"/>
        <line num="34" count="7" type="stmt"/>
      </file>
    </package>
    <package name="routes">
      <metrics statements="8" coveredstatements="8" conditionals="4" coveredconditionals="4" methods="2" coveredmethods="2"/>
      <file name="ProtectedRoutes.jsx" path="D:\RPrem\Desktop\mern-notes-project\notes-client\src\routes\ProtectedRoutes.jsx">
        <metrics statements="4" coveredstatements="4" conditionals="2" coveredconditionals="2" methods="1" coveredmethods="1"/>
        <line num="5" count="2" type="stmt"/>
        <line num="7" count="2" type="cond" truecount="2" falsecount="0"/>
        <line num="8" count="1" type="stmt"/>
        <line num="11" count="1" type="stmt"/>
      </file>
      <file name="PublicOnlyRoute.jsx" path="D:\RPrem\Desktop\mern-notes-project\notes-client\src\routes\PublicOnlyRoute.jsx">
        <metrics statements="4" coveredstatements="4" conditionals="2" coveredconditionals="2" methods="1" coveredmethods="1"/>
        <line num="5" count="2" type="stmt"/>
        <line num="7" count="2" type="cond" truecount="2" falsecount="0"/>
        <line num="8" count="1" type="stmt"/>
        <line num="11" count="1" type="stmt"/>
      </file>
    </package>
    <package name="utils">
      <metrics statements="4" coveredstatements="3" conditionals="7" coveredconditionals="3" methods="2" coveredmethods="2"/>
      <file name="formatDate.js" path="D:\RPrem\Desktop\mern-notes-project\notes-client\src\utils\formatDate.js">
        <metrics statements="3" coveredstatements="2" conditionals="2" coveredconditionals="1" methods="1" coveredmethods="1"/>
        <line num="2" count="2" type="cond" truecount="1" falsecount="1"/>
        <line num="3" count="0" type="stmt"/>
        <line num="6" count="2" type="stmt"/>
      </file>
      <file name="getErrorMessage.js" path="D:\RPrem\Desktop\mern-notes-project\notes-client\src\utils\getErrorMessage.js">
        <metrics statements="1" coveredstatements="1" conditionals="5" coveredconditionals="2" methods="1" coveredmethods="1"/>
        <line num="2" count="2" type="stmt"/>
      </file>
    </package>
  </project>
</coverage>
