{"D:\\RPrem\\Desktop\\mern-notes-project\\notes-client\\src\\api\\axiosInstance.js": {"path":"D:\\RPrem\\Desktop\\mern-notes-project\\notes-client\\src\\api\\axiosInstance.js","statementMap":{"0":{"start":{"line":4,"column":22},"end":{"line":6,"column":null}},"1":{"start":{"line":8,"column":0},"end":{"line":25,"column":null}},"2":{"start":{"line":10,"column":10},"end":{"line":10,"column":null}},"3":{"start":{"line":12,"column":4},"end":{"line":14,"column":null}},"4":{"start":{"line":13,"column":6},"end":{"line":13,"column":null}},"5":{"start":{"line":16,"column":4},"end":{"line":20,"column":null}},"6":{"start":{"line":17,"column":6},"end":{"line":17,"column":null}},"7":{"start":{"line":19,"column":6},"end":{"line":19,"column":null}},"8":{"start":{"line":22,"column":4},"end":{"line":22,"column":null}},"9":{"start":{"line":24,"column":13},"end":{"line":24,"column":null}},"10":{"start":{"line":27,"column":0},"end":{"line":36,"column":null}},"11":{"start":{"line":28,"column":16},"end":{"line":28,"column":null}},"12":{"start":{"line":30,"column":4},"end":{"line":32,"column":null}},"13":{"start":{"line":31,"column":6},"end":{"line":31,"column":null}},"14":{"start":{"line":34,"column":4},"end":{"line":34,"column":null}}},"fnMap":{"0":{"name":"(anonymous_0)","decl":{"start":{"line":8,"column":35},"end":{"line":8,"column":null}},"loc":{"start":{"line":9,"column":14},"end":{"line":23,"column":null}},"line":9},"1":{"name":"(anonymous_1)","decl":{"start":{"line":23,"column":2},"end":{"line":23,"column":null}},"loc":{"start":{"line":24,"column":13},"end":{"line":24,"column":null}},"line":24},"2":{"name":"(anonymous_2)","decl":{"start":{"line":27,"column":36},"end":{"line":27,"column":null}},"loc":{"start":{"line":28,"column":16},"end":{"line":28,"column":null}},"line":28},"3":{"name":"(anonymous_3)","decl":{"start":{"line":28,"column":16},"end":{"line":28,"column":null}},"loc":{"start":{"line":29,"column":13},"end":{"line":35,"column":null}},"line":29}},"branchMap":{"0":{"loc":{"start":{"line":5,"column":11},"end":{"line":5,"column":null}},"type":"binary-expr","locations":[{"start":{"line":5,"column":11},"end":{"line":5,"column":48}},{"start":{"line":5,"column":48},"end":{"line":5,"column":null}}],"line":5},"1":{"loc":{"start":{"line":12,"column":4},"end":{"line":14,"column":null}},"type":"if","locations":[{"start":{"line":12,"column":4},"end":{"line":14,"column":null}},{"start":{},"end":{}}],"line":12},"2":{"loc":{"start":{"line":16,"column":4},"end":{"line":20,"column":null}},"type":"if","locations":[{"start":{"line":16,"column":4},"end":{"line":20,"column":null}},{"start":{"line":18,"column":11},"end":{"line":20,"column":null}}],"line":16},"3":{"loc":{"start":{"line":30,"column":4},"end":{"line":32,"column":null}},"type":"if","locations":[{"start":{"line":30,"column":4},"end":{"line":32,"column":null}},{"start":{},"end":{}}],"line":30}},"s":{"0":1,"1":1,"2":4,"3":4,"4":1,"5":4,"6":1,"7":3,"8":4,"9":0,"10":1,"11":0,"12":0,"13":0,"14":0},"f":{"0":4,"1":0,"2":0,"3":0},"b":{"0":[1,0],"1":[1,3],"2":[1,3],"3":[0,0]},"meta":{"lastBranch":4,"lastFunction":4,"lastStatement":15,"seen":{"s:4:22:6:Infinity":0,"b:5:11:5:48:5:48:5:Infinity":0,"s:8:0:25:Infinity":1,"f:8:35:8:Infinity":0,"s:10:10:10:Infinity":2,"b:12:4:14:Infinity:undefined:undefined:undefined:undefined":1,"s:12:4:14:Infinity":3,"s:13:6:13:Infinity":4,"b:16:4:20:Infinity:18:11:20:Infinity":2,"s:16:4:20:Infinity":5,"s:17:6:17:Infinity":6,"s:19:6:19:Infinity":7,"s:22:4:22:Infinity":8,"f:23:2:23:Infinity":1,"s:24:13:24:Infinity":9,"s:27:0:36:Infinity":10,"f:27:36:27:Infinity":2,"s:28:16:28:Infinity":11,"f:28:16:28:Infinity":3,"b:30:4:32:Infinity:undefined:undefined:undefined:undefined":3,"s:30:4:32:Infinity":12,"s:31:6:31:Infinity":13,"s:34:4:34:Infinity":14},"fnNames":{}}}
,"D:\\RPrem\\Desktop\\mern-notes-project\\notes-client\\src\\components\\attachments\\AttachmentForm.jsx": {"path":"D:\\RPrem\\Desktop\\mern-notes-project\\notes-client\\src\\components\\attachments\\AttachmentForm.jsx","statementMap":{"0":{"start":{"line":6,"column":16},"end":{"line":6,"column":null}},"1":{"start":{"line":7,"column":16},"end":{"line":7,"column":null}},"2":{"start":{"line":10,"column":26},"end":{"line":10,"column":null}},"3":{"start":{"line":12,"column":4},"end":{"line":12,"column":null}},"4":{"start":{"line":13,"column":4},"end":{"line":13,"column":null}},"5":{"start":{"line":17,"column":4},"end":{"line":17,"column":null}},"6":{"start":{"line":18,"column":4},"end":{"line":18,"column":null}},"7":{"start":{"line":20,"column":4},"end":{"line":23,"column":null}},"8":{"start":{"line":21,"column":6},"end":{"line":21,"column":null}},"9":{"start":{"line":22,"column":6},"end":{"line":22,"column":null}},"10":{"start":{"line":25,"column":4},"end":{"line":28,"column":null}},"11":{"start":{"line":26,"column":6},"end":{"line":26,"column":null}},"12":{"start":{"line":27,"column":6},"end":{"line":27,"column":null}},"13":{"start":{"line":30,"column":21},"end":{"line":30,"column":null}},"14":{"start":{"line":32,"column":4},"end":{"line":34,"column":null}},"15":{"start":{"line":33,"column":6},"end":{"line":33,"column":null}},"16":{"start":{"line":36,"column":20},"end":{"line":36,"column":null}},"17":{"start":{"line":38,"column":4},"end":{"line":41,"column":null}},"18":{"start":{"line":39,"column":6},"end":{"line":39,"column":null}},"19":{"start":{"line":40,"column":6},"end":{"line":40,"column":null}},"20":{"start":{"line":44,"column":2},"end":{"line":76,"column":null}},"21":{"start":{"line":65,"column":14},"end":{"line":67,"column":null}}},"fnMap":{"0":{"name":"AttachmentForm","decl":{"start":{"line":5,"column":9},"end":{"line":5,"column":24}},"loc":{"start":{"line":5,"column":66},"end":{"line":78,"column":null}},"line":5},"1":{"name":"handleFileChange","decl":{"start":{"line":9,"column":11},"end":{"line":9,"column":28}},"loc":{"start":{"line":9,"column":31},"end":{"line":14,"column":null}},"line":9},"2":{"name":"handleSubmit","decl":{"start":{"line":16,"column":17},"end":{"line":16,"column":30}},"loc":{"start":{"line":16,"column":33},"end":{"line":42,"column":null}},"line":16},"3":{"name":"(anonymous_3)","decl":{"start":{"line":32,"column":10},"end":{"line":32,"column":19}},"loc":{"start":{"line":32,"column":28},"end":{"line":34,"column":5}},"line":32},"4":{"name":"(anonymous_4)","decl":{"start":{"line":64,"column":19},"end":{"line":64,"column":24}},"loc":{"start":{"line":65,"column":14},"end":{"line":67,"column":null}},"line":65}},"branchMap":{"0":{"loc":{"start":{"line":5,"column":47},"end":{"line":5,"column":66}},"type":"default-arg","locations":[{"start":{"line":5,"column":57},"end":{"line":5,"column":66}}],"line":5},"1":{"loc":{"start":{"line":20,"column":4},"end":{"line":23,"column":null}},"type":"if","locations":[{"start":{"line":20,"column":4},"end":{"line":23,"column":null}},{"start":{},"end":{}}],"line":20},"2":{"loc":{"start":{"line":25,"column":4},"end":{"line":28,"column":null}},"type":"if","locations":[{"start":{"line":25,"column":4},"end":{"line":28,"column":null}},{"start":{},"end":{}}],"line":25},"3":{"loc":{"start":{"line":38,"column":4},"end":{"line":41,"column":null}},"type":"if","locations":[{"start":{"line":38,"column":4},"end":{"line":41,"column":null}},{"start":{},"end":{}}],"line":38},"4":{"loc":{"start":{"line":60,"column":7},"end":{"line":70,"column":null}},"type":"binary-expr","locations":[{"start":{"line":60,"column":7},"end":{"line":60,"column":null}},{"start":{"line":61,"column":8},"end":{"line":70,"column":null}}],"line":60},"5":{"loc":{"start":{"line":74,"column":9},"end":{"line":74,"column":null}},"type":"cond-expr","locations":[{"start":{"line":74,"column":19},"end":{"line":74,"column":36}},{"start":{"line":74,"column":36},"end":{"line":74,"column":null}}],"line":74}},"s":{"0":8,"1":8,"2":1,"3":1,"4":1,"5":2,"6":2,"7":2,"8":1,"9":1,"10":1,"11":0,"12":0,"13":1,"14":1,"15":1,"16":1,"17":1,"18":1,"19":1,"20":8,"21":2},"f":{"0":8,"1":1,"2":2,"3":1,"4":2},"b":{"0":[8],"1":[1,1],"2":[0,1],"3":[1,0],"4":[8,2],"5":[1,7]},"meta":{"lastBranch":6,"lastFunction":5,"lastStatement":22,"seen":{"f:5:9:5:24":0,"b:5:57:5:66":0,"s:6:16:6:Infinity":0,"s:7:16:7:Infinity":1,"f:9:11:9:28":1,"s:10:26:10:Infinity":2,"s:12:4:12:Infinity":3,"s:13:4:13:Infinity":4,"f:16:17:16:30":2,"s:17:4:17:Infinity":5,"s:18:4:18:Infinity":6,"b:20:4:23:Infinity:undefined:undefined:undefined:undefined":1,"s:20:4:23:Infinity":7,"s:21:6:21:Infinity":8,"s:22:6:22:Infinity":9,"b:25:4:28:Infinity:undefined:undefined:undefined:undefined":2,"s:25:4:28:Infinity":10,"s:26:6:26:Infinity":11,"s:27:6:27:Infinity":12,"s:30:21:30:Infinity":13,"s:32:4:34:Infinity":14,"f:32:10:32:19":3,"s:33:6:33:Infinity":15,"s:36:20:36:Infinity":16,"b:38:4:41:Infinity:undefined:undefined:undefined:undefined":3,"s:38:4:41:Infinity":17,"s:39:6:39:Infinity":18,"s:40:6:40:Infinity":19,"s:44:2:76:Infinity":20,"b:60:7:60:Infinity:61:8:70:Infinity":4,"f:64:19:64:24":4,"s:65:14:67:Infinity":21,"b:74:19:74:36:74:36:74:Infinity":5},"fnNames":{}}}
,"D:\\RPrem\\Desktop\\mern-notes-project\\notes-client\\src\\components\\attachments\\AttachmentList.jsx": {"path":"D:\\RPrem\\Desktop\\mern-notes-project\\notes-client\\src\\components\\attachments\\AttachmentList.jsx","statementMap":{"0":{"start":{"line":10,"column":2},"end":{"line":12,"column":null}},"1":{"start":{"line":11,"column":4},"end":{"line":11,"column":null}},"2":{"start":{"line":14,"column":2},"end":{"line":56,"column":null}},"3":{"start":{"line":20,"column":24},"end":{"line":20,"column":null}},"4":{"start":{"line":21,"column":27},"end":{"line":21,"column":null}},"5":{"start":{"line":23,"column":8},"end":{"line":52,"column":null}},"6":{"start":{"line":46,"column":31},"end":{"line":46,"column":null}}},"fnMap":{"0":{"name":"AttachmentList","decl":{"start":{"line":5,"column":9},"end":{"line":5,"column":24}},"loc":{"start":{"line":9,"column":3},"end":{"line":59,"column":null}},"line":9},"1":{"name":"(anonymous_1)","decl":{"start":{"line":19,"column":19},"end":{"line":19,"column":24}},"loc":{"start":{"line":19,"column":39},"end":{"line":54,"column":7}},"line":19},"2":{"name":"(anonymous_2)","decl":{"start":{"line":46,"column":16},"end":{"line":46,"column":31}},"loc":{"start":{"line":46,"column":31},"end":{"line":46,"column":null}},"line":46}},"branchMap":{"0":{"loc":{"start":{"line":6,"column":2},"end":{"line":6,"column":null}},"type":"default-arg","locations":[{"start":{"line":6,"column":16},"end":{"line":6,"column":null}}],"line":6},"1":{"loc":{"start":{"line":8,"column":2},"end":{"line":8,"column":null}},"type":"default-arg","locations":[{"start":{"line":8,"column":25},"end":{"line":8,"column":null}}],"line":8},"2":{"loc":{"start":{"line":10,"column":2},"end":{"line":12,"column":null}},"type":"if","locations":[{"start":{"line":10,"column":2},"end":{"line":12,"column":null}},{"start":{},"end":{}}],"line":10},"3":{"loc":{"start":{"line":10,"column":6},"end":{"line":10,"column":48}},"type":"binary-expr","locations":[{"start":{"line":10,"column":6},"end":{"line":10,"column":22}},{"start":{"line":10,"column":22},"end":{"line":10,"column":48}}],"line":10},"4":{"loc":{"start":{"line":28,"column":13},"end":{"line":33,"column":null}},"type":"binary-expr","locations":[{"start":{"line":28,"column":13},"end":{"line":28,"column":null}},{"start":{"line":29,"column":14},"end":{"line":33,"column":null}}],"line":28},"5":{"loc":{"start":{"line":31,"column":21},"end":{"line":31,"column":null}},"type":"binary-expr","locations":[{"start":{"line":31,"column":21},"end":{"line":31,"column":44}},{"start":{"line":31,"column":44},"end":{"line":31,"column":null}}],"line":31},"6":{"loc":{"start":{"line":37,"column":15},"end":{"line":37,"column":null}},"type":"binary-expr","locations":[{"start":{"line":37,"column":15},"end":{"line":37,"column":38}},{"start":{"line":37,"column":38},"end":{"line":37,"column":null}}],"line":37},"7":{"loc":{"start":{"line":40,"column":13},"end":{"line":40,"column":null}},"type":"binary-expr","locations":[{"start":{"line":40,"column":13},"end":{"line":40,"column":36}},{"start":{"line":40,"column":36},"end":{"line":40,"column":null}}],"line":40},"8":{"loc":{"start":{"line":42,"column":13},"end":{"line":50,"column":null}},"type":"binary-expr","locations":[{"start":{"line":42,"column":13},"end":{"line":42,"column":null}},{"start":{"line":43,"column":14},"end":{"line":50,"column":null}}],"line":42},"9":{"loc":{"start":{"line":49,"column":17},"end":{"line":49,"column":null}},"type":"cond-expr","locations":[{"start":{"line":49,"column":30},"end":{"line":49,"column":46}},{"start":{"line":49,"column":46},"end":{"line":49,"column":null}}],"line":49},"10":{"loc":{"start":{"line":26,"column":17},"end":{"line":26,"column":null}},"type":"binary-expr","locations":[{"start":{"line":26,"column":17},"end":{"line":26,"column":35}},{"start":{"line":26,"column":35},"end":{"line":26,"column":58}},{"start":{"line":26,"column":58},"end":{"line":26,"column":null}}],"line":26}},"s":{"0":4,"1":1,"2":3,"3":4,"4":4,"5":4,"6":1},"f":{"0":4,"1":4,"2":1},"b":{"0":[4],"1":[4],"2":[1,3],"3":[4,4],"4":[4,3],"5":[3,0],"6":[4,0],"7":[4,4],"8":[4,4],"9":[1,3],"10":[4,0,0]},"meta":{"lastBranch":11,"lastFunction":3,"lastStatement":7,"seen":{"f:5:9:5:24":0,"b:6:16:6:Infinity":0,"b:8:25:8:Infinity":1,"b:10:2:12:Infinity:undefined:undefined:undefined:undefined":2,"s:10:2:12:Infinity":0,"b:10:6:10:22:10:22:10:48":3,"s:11:4:11:Infinity":1,"s:14:2:56:Infinity":2,"f:19:19:19:24":1,"s:20:24:20:Infinity":3,"s:21:27:21:Infinity":4,"s:23:8:52:Infinity":5,"b:28:13:28:Infinity:29:14:33:Infinity":4,"b:31:21:31:44:31:44:31:Infinity":5,"b:37:15:37:38:37:38:37:Infinity":6,"b:40:13:40:36:40:36:40:Infinity":7,"b:42:13:42:Infinity:43:14:50:Infinity":8,"f:46:16:46:31":2,"s:46:31:46:Infinity":6,"b:49:30:49:46:49:46:49:Infinity":9,"b:26:17:26:35:26:35:26:58:26:58:26:Infinity":10},"fnNames":{}}}
,"D:\\RPrem\\Desktop\\mern-notes-project\\notes-client\\src\\components\\auth\\LoginForm.jsx": {"path":"D:\\RPrem\\Desktop\\mern-notes-project\\notes-client\\src\\components\\auth\\LoginForm.jsx","statementMap":{"0":{"start":{"line":7,"column":19},"end":{"line":10,"column":null}},"1":{"start":{"line":12,"column":16},"end":{"line":12,"column":null}},"2":{"start":{"line":15,"column":28},"end":{"line":15,"column":null}},"3":{"start":{"line":17,"column":4},"end":{"line":20,"column":null}},"4":{"start":{"line":17,"column":31},"end":{"line":20,"column":6}},"5":{"start":{"line":24,"column":4},"end":{"line":24,"column":null}},"6":{"start":{"line":25,"column":4},"end":{"line":25,"column":null}},"7":{"start":{"line":27,"column":4},"end":{"line":30,"column":null}},"8":{"start":{"line":28,"column":6},"end":{"line":28,"column":null}},"9":{"start":{"line":29,"column":6},"end":{"line":29,"column":null}},"10":{"start":{"line":32,"column":4},"end":{"line":35,"column":null}},"11":{"start":{"line":33,"column":6},"end":{"line":33,"column":null}},"12":{"start":{"line":34,"column":6},"end":{"line":34,"column":null}},"13":{"start":{"line":37,"column":4},"end":{"line":37,"column":null}},"14":{"start":{"line":40,"column":2},"end":{"line":67,"column":null}}},"fnMap":{"0":{"name":"LoginForm","decl":{"start":{"line":6,"column":9},"end":{"line":6,"column":19}},"loc":{"start":{"line":6,"column":49},"end":{"line":69,"column":null}},"line":6},"1":{"name":"handleChange","decl":{"start":{"line":14,"column":11},"end":{"line":14,"column":24}},"loc":{"start":{"line":14,"column":27},"end":{"line":21,"column":null}},"line":14},"2":{"name":"(anonymous_2)","decl":{"start":{"line":17,"column":4},"end":{"line":17,"column":17}},"loc":{"start":{"line":17,"column":31},"end":{"line":20,"column":6}},"line":17},"3":{"name":"handleSubmit","decl":{"start":{"line":23,"column":11},"end":{"line":23,"column":24}},"loc":{"start":{"line":23,"column":27},"end":{"line":38,"column":null}},"line":23}},"branchMap":{"0":{"loc":{"start":{"line":6,"column":30},"end":{"line":6,"column":49}},"type":"default-arg","locations":[{"start":{"line":6,"column":40},"end":{"line":6,"column":49}}],"line":6},"1":{"loc":{"start":{"line":27,"column":4},"end":{"line":30,"column":null}},"type":"if","locations":[{"start":{"line":27,"column":4},"end":{"line":30,"column":null}},{"start":{},"end":{}}],"line":27},"2":{"loc":{"start":{"line":32,"column":4},"end":{"line":35,"column":null}},"type":"if","locations":[{"start":{"line":32,"column":4},"end":{"line":35,"column":null}},{"start":{},"end":{}}],"line":32},"3":{"loc":{"start":{"line":65,"column":9},"end":{"line":65,"column":null}},"type":"cond-expr","locations":[{"start":{"line":65,"column":19},"end":{"line":65,"column":37}},{"start":{"line":65,"column":37},"end":{"line":65,"column":null}}],"line":65}},"s":{"0":62,"1":62,"2":54,"3":54,"4":54,"5":3,"6":3,"7":3,"8":1,"9":1,"10":2,"11":1,"12":1,"13":1,"14":62},"f":{"0":62,"1":54,"2":54,"3":3},"b":{"0":[62],"1":[1,2],"2":[1,1],"3":[1,61]},"meta":{"lastBranch":4,"lastFunction":4,"lastStatement":15,"seen":{"f:6:9:6:19":0,"b:6:40:6:49":0,"s:7:19:10:Infinity":0,"s:12:16:12:Infinity":1,"f:14:11:14:24":1,"s:15:28:15:Infinity":2,"s:17:4:20:Infinity":3,"f:17:4:17:17":2,"s:17:31:20:6":4,"f:23:11:23:24":3,"s:24:4:24:Infinity":5,"s:25:4:25:Infinity":6,"b:27:4:30:Infinity:undefined:undefined:undefined:undefined":1,"s:27:4:30:Infinity":7,"s:28:6:28:Infinity":8,"s:29:6:29:Infinity":9,"b:32:4:35:Infinity:undefined:undefined:undefined:undefined":2,"s:32:4:35:Infinity":10,"s:33:6:33:Infinity":11,"s:34:6:34:Infinity":12,"s:37:4:37:Infinity":13,"s:40:2:67:Infinity":14,"b:65:19:65:37:65:37:65:Infinity":3},"fnNames":{}}}
,"D:\\RPrem\\Desktop\\mern-notes-project\\notes-client\\src\\components\\auth\\RegisterForm.jsx": {"path":"D:\\RPrem\\Desktop\\mern-notes-project\\notes-client\\src\\components\\auth\\RegisterForm.jsx","statementMap":{"0":{"start":{"line":7,"column":19},"end":{"line":11,"column":null}},"1":{"start":{"line":13,"column":16},"end":{"line":13,"column":null}},"2":{"start":{"line":16,"column":28},"end":{"line":16,"column":null}},"3":{"start":{"line":18,"column":4},"end":{"line":21,"column":null}},"4":{"start":{"line":18,"column":31},"end":{"line":21,"column":6}},"5":{"start":{"line":25,"column":4},"end":{"line":25,"column":null}},"6":{"start":{"line":26,"column":4},"end":{"line":26,"column":null}},"7":{"start":{"line":28,"column":4},"end":{"line":31,"column":null}},"8":{"start":{"line":29,"column":6},"end":{"line":29,"column":null}},"9":{"start":{"line":30,"column":6},"end":{"line":30,"column":null}},"10":{"start":{"line":33,"column":4},"end":{"line":36,"column":null}},"11":{"start":{"line":34,"column":6},"end":{"line":34,"column":null}},"12":{"start":{"line":35,"column":6},"end":{"line":35,"column":null}},"13":{"start":{"line":38,"column":4},"end":{"line":41,"column":null}},"14":{"start":{"line":39,"column":6},"end":{"line":39,"column":null}},"15":{"start":{"line":40,"column":6},"end":{"line":40,"column":null}},"16":{"start":{"line":43,"column":4},"end":{"line":43,"column":null}},"17":{"start":{"line":46,"column":2},"end":{"line":81,"column":null}}},"fnMap":{"0":{"name":"RegisterForm","decl":{"start":{"line":6,"column":9},"end":{"line":6,"column":22}},"loc":{"start":{"line":6,"column":55},"end":{"line":83,"column":null}},"line":6},"1":{"name":"handleChange","decl":{"start":{"line":15,"column":11},"end":{"line":15,"column":24}},"loc":{"start":{"line":15,"column":27},"end":{"line":22,"column":null}},"line":15},"2":{"name":"(anonymous_2)","decl":{"start":{"line":18,"column":4},"end":{"line":18,"column":17}},"loc":{"start":{"line":18,"column":31},"end":{"line":21,"column":6}},"line":18},"3":{"name":"handleSubmit","decl":{"start":{"line":24,"column":11},"end":{"line":24,"column":24}},"loc":{"start":{"line":24,"column":27},"end":{"line":44,"column":null}},"line":24}},"branchMap":{"0":{"loc":{"start":{"line":6,"column":36},"end":{"line":6,"column":55}},"type":"default-arg","locations":[{"start":{"line":6,"column":46},"end":{"line":6,"column":55}}],"line":6},"1":{"loc":{"start":{"line":28,"column":4},"end":{"line":31,"column":null}},"type":"if","locations":[{"start":{"line":28,"column":4},"end":{"line":31,"column":null}},{"start":{},"end":{}}],"line":28},"2":{"loc":{"start":{"line":33,"column":4},"end":{"line":36,"column":null}},"type":"if","locations":[{"start":{"line":33,"column":4},"end":{"line":36,"column":null}},{"start":{},"end":{}}],"line":33},"3":{"loc":{"start":{"line":38,"column":4},"end":{"line":41,"column":null}},"type":"if","locations":[{"start":{"line":38,"column":4},"end":{"line":41,"column":null}},{"start":{},"end":{}}],"line":38},"4":{"loc":{"start":{"line":79,"column":9},"end":{"line":79,"column":null}},"type":"cond-expr","locations":[{"start":{"line":79,"column":19},"end":{"line":79,"column":38}},{"start":{"line":79,"column":38},"end":{"line":79,"column":null}}],"line":79}},"s":{"0":106,"1":106,"2":96,"3":96,"4":96,"5":4,"6":4,"7":4,"8":1,"9":1,"10":3,"11":1,"12":1,"13":2,"14":1,"15":1,"16":1,"17":106},"f":{"0":106,"1":96,"2":96,"3":4},"b":{"0":[106],"1":[1,3],"2":[1,2],"3":[1,1],"4":[1,105]},"meta":{"lastBranch":5,"lastFunction":4,"lastStatement":18,"seen":{"f:6:9:6:22":0,"b:6:46:6:55":0,"s:7:19:11:Infinity":0,"s:13:16:13:Infinity":1,"f:15:11:15:24":1,"s:16:28:16:Infinity":2,"s:18:4:21:Infinity":3,"f:18:4:18:17":2,"s:18:31:21:6":4,"f:24:11:24:24":3,"s:25:4:25:Infinity":5,"s:26:4:26:Infinity":6,"b:28:4:31:Infinity:undefined:undefined:undefined:undefined":1,"s:28:4:31:Infinity":7,"s:29:6:29:Infinity":8,"s:30:6:30:Infinity":9,"b:33:4:36:Infinity:undefined:undefined:undefined:undefined":2,"s:33:4:36:Infinity":10,"s:34:6:34:Infinity":11,"s:35:6:35:Infinity":12,"b:38:4:41:Infinity:undefined:undefined:undefined:undefined":3,"s:38:4:41:Infinity":13,"s:39:6:39:Infinity":14,"s:40:6:40:Infinity":15,"s:43:4:43:Infinity":16,"s:46:2:81:Infinity":17,"b:79:19:79:38:79:38:79:Infinity":4},"fnNames":{}}}
,"D:\\RPrem\\Desktop\\mern-notes-project\\notes-client\\src\\components\\comments\\CommentForm.jsx": {"path":"D:\\RPrem\\Desktop\\mern-notes-project\\notes-client\\src\\components\\comments\\CommentForm.jsx","statementMap":{"0":{"start":{"line":7,"column":15},"end":{"line":7,"column":null}},"1":{"start":{"line":8,"column":16},"end":{"line":8,"column":null}},"2":{"start":{"line":11,"column":4},"end":{"line":11,"column":null}},"3":{"start":{"line":12,"column":4},"end":{"line":12,"column":null}},"4":{"start":{"line":14,"column":24},"end":{"line":14,"column":null}},"5":{"start":{"line":16,"column":4},"end":{"line":19,"column":null}},"6":{"start":{"line":17,"column":6},"end":{"line":17,"column":null}},"7":{"start":{"line":18,"column":6},"end":{"line":18,"column":null}},"8":{"start":{"line":21,"column":18},"end":{"line":21,"column":null}},"9":{"start":{"line":23,"column":4},"end":{"line":25,"column":null}},"10":{"start":{"line":24,"column":8},"end":{"line":24,"column":null}},"11":{"start":{"line":28,"column":2},"end":{"line":46,"column":null}},"12":{"start":{"line":38,"column":25},"end":{"line":38,"column":null}}},"fnMap":{"0":{"name":"CommentForm","decl":{"start":{"line":6,"column":9},"end":{"line":6,"column":21}},"loc":{"start":{"line":6,"column":56},"end":{"line":48,"column":null}},"line":6},"1":{"name":"handleSubmit","decl":{"start":{"line":10,"column":11},"end":{"line":10,"column":24}},"loc":{"start":{"line":10,"column":27},"end":{"line":26,"column":null}},"line":10},"2":{"name":"(anonymous_2)","decl":{"start":{"line":38,"column":8},"end":{"line":38,"column":19}},"loc":{"start":{"line":38,"column":25},"end":{"line":38,"column":null}},"line":38}},"branchMap":{"0":{"loc":{"start":{"line":6,"column":37},"end":{"line":6,"column":56}},"type":"default-arg","locations":[{"start":{"line":6,"column":47},"end":{"line":6,"column":56}}],"line":6},"1":{"loc":{"start":{"line":16,"column":4},"end":{"line":19,"column":null}},"type":"if","locations":[{"start":{"line":16,"column":4},"end":{"line":19,"column":null}},{"start":{},"end":{}}],"line":16},"2":{"loc":{"start":{"line":23,"column":4},"end":{"line":25,"column":null}},"type":"if","locations":[{"start":{"line":23,"column":4},"end":{"line":25,"column":null}},{"start":{},"end":{}}],"line":23},"3":{"loc":{"start":{"line":44,"column":9},"end":{"line":44,"column":null}},"type":"cond-expr","locations":[{"start":{"line":44,"column":19},"end":{"line":44,"column":33}},{"start":{"line":44,"column":33},"end":{"line":44,"column":null}}],"line":44}},"s":{"0":35,"1":35,"2":3,"3":3,"4":3,"5":3,"6":1,"7":1,"8":2,"9":2,"10":2,"11":35,"12":28},"f":{"0":35,"1":3,"2":28},"b":{"0":[35],"1":[1,2],"2":[2,0],"3":[1,34]},"meta":{"lastBranch":4,"lastFunction":3,"lastStatement":13,"seen":{"f:6:9:6:21":0,"b:6:47:6:56":0,"s:7:15:7:Infinity":0,"s:8:16:8:Infinity":1,"f:10:11:10:24":1,"s:11:4:11:Infinity":2,"s:12:4:12:Infinity":3,"s:14:24:14:Infinity":4,"b:16:4:19:Infinity:undefined:undefined:undefined:undefined":1,"s:16:4:19:Infinity":5,"s:17:6:17:Infinity":6,"s:18:6:18:Infinity":7,"s:21:18:21:Infinity":8,"b:23:4:25:Infinity:undefined:undefined:undefined:undefined":2,"s:23:4:25:Infinity":9,"s:24:8:24:Infinity":10,"s:28:2:46:Infinity":11,"f:38:8:38:19":2,"s:38:25:38:Infinity":12,"b:44:19:44:33:44:33:44:Infinity":3},"fnNames":{}}}
,"D:\\RPrem\\Desktop\\mern-notes-project\\notes-client\\src\\components\\comments\\CommentsList.jsx": {"path":"D:\\RPrem\\Desktop\\mern-notes-project\\notes-client\\src\\components\\comments\\CommentsList.jsx","statementMap":{"0":{"start":{"line":4,"column":2},"end":{"line":6,"column":null}},"1":{"start":{"line":5,"column":4},"end":{"line":5,"column":null}},"2":{"start":{"line":8,"column":2},"end":{"line":29,"column":null}},"3":{"start":{"line":14,"column":10},"end":{"line":26,"column":null}}},"fnMap":{"0":{"name":"CommentsList","decl":{"start":{"line":3,"column":9},"end":{"line":3,"column":22}},"loc":{"start":{"line":3,"column":36},"end":{"line":31,"column":null}},"line":3},"1":{"name":"(anonymous_1)","decl":{"start":{"line":13,"column":18},"end":{"line":13,"column":23}},"loc":{"start":{"line":14,"column":10},"end":{"line":26,"column":null}},"line":14}},"branchMap":{"0":{"loc":{"start":{"line":4,"column":2},"end":{"line":6,"column":null}},"type":"if","locations":[{"start":{"line":4,"column":2},"end":{"line":6,"column":null}},{"start":{},"end":{}}],"line":4},"1":{"loc":{"start":{"line":17,"column":13},"end":{"line":20,"column":null}},"type":"binary-expr","locations":[{"start":{"line":17,"column":13},"end":{"line":17,"column":null}},{"start":{"line":18,"column":14},"end":{"line":20,"column":null}}],"line":17},"2":{"loc":{"start":{"line":19,"column":21},"end":{"line":19,"column":null}},"type":"binary-expr","locations":[{"start":{"line":19,"column":21},"end":{"line":19,"column":42}},{"start":{"line":19,"column":42},"end":{"line":19,"column":64}},{"start":{"line":19,"column":64},"end":{"line":19,"column":null}}],"line":19},"3":{"loc":{"start":{"line":23,"column":13},"end":{"line":24,"column":null}},"type":"binary-expr","locations":[{"start":{"line":23,"column":13},"end":{"line":23,"column":null}},{"start":{"line":24,"column":14},"end":{"line":24,"column":null}}],"line":23}},"s":{"0":2,"1":1,"2":1,"3":2},"f":{"0":2,"1":2},"b":{"0":[1,1],"1":[2,2],"2":[2,1,0],"3":[2,2]},"meta":{"lastBranch":4,"lastFunction":2,"lastStatement":4,"seen":{"f:3:9:3:22":0,"b:4:2:6:Infinity:undefined:undefined:undefined:undefined":0,"s:4:2:6:Infinity":0,"s:5:4:5:Infinity":1,"s:8:2:29:Infinity":2,"f:13:18:13:23":1,"s:14:10:26:Infinity":3,"b:17:13:17:Infinity:18:14:20:Infinity":1,"b:19:21:19:42:19:42:19:64:19:64:19:Infinity":2,"b:23:13:23:Infinity:24:14:24:Infinity":3},"fnNames":{}}}
,"D:\\RPrem\\Desktop\\mern-notes-project\\notes-client\\src\\components\\common\\Button.jsx": {"path":"D:\\RPrem\\Desktop\\mern-notes-project\\notes-client\\src\\components\\common\\Button.jsx","statementMap":{"0":{"start":{"line":8,"column":2},"end":{"line":16,"column":null}}},"fnMap":{"0":{"name":"Button","decl":{"start":{"line":1,"column":9},"end":{"line":1,"column":16}},"loc":{"start":{"line":7,"column":3},"end":{"line":18,"column":null}},"line":7}},"branchMap":{"0":{"loc":{"start":{"line":3,"column":2},"end":{"line":3,"column":null}},"type":"default-arg","locations":[{"start":{"line":3,"column":9},"end":{"line":3,"column":null}}],"line":3},"1":{"loc":{"start":{"line":5,"column":2},"end":{"line":5,"column":null}},"type":"default-arg","locations":[{"start":{"line":5,"column":13},"end":{"line":5,"column":null}}],"line":5},"2":{"loc":{"start":{"line":6,"column":2},"end":{"line":6,"column":null}},"type":"default-arg","locations":[{"start":{"line":6,"column":14},"end":{"line":6,"column":null}}],"line":6}},"s":{"0":583},"f":{"0":583},"b":{"0":[583],"1":[583],"2":[583]},"meta":{"lastBranch":3,"lastFunction":1,"lastStatement":1,"seen":{"f:1:9:1:16":0,"b:3:9:3:Infinity":0,"b:5:13:5:Infinity":1,"b:6:14:6:Infinity":2,"s:8:2:16:Infinity":0},"fnNames":{}}}
,"D:\\RPrem\\Desktop\\mern-notes-project\\notes-client\\src\\components\\common\\Card.jsx": {"path":"D:\\RPrem\\Desktop\\mern-notes-project\\notes-client\\src\\components\\common\\Card.jsx","statementMap":{"0":{"start":{"line":2,"column":2},"end":{"line":2,"column":null}}},"fnMap":{"0":{"name":"Card","decl":{"start":{"line":1,"column":9},"end":{"line":1,"column":14}},"loc":{"start":{"line":1,"column":44},"end":{"line":3,"column":null}},"line":1}},"branchMap":{"0":{"loc":{"start":{"line":1,"column":26},"end":{"line":1,"column":44}},"type":"default-arg","locations":[{"start":{"line":1,"column":38},"end":{"line":1,"column":44}}],"line":1}},"s":{"0":10},"f":{"0":10},"b":{"0":[10]},"meta":{"lastBranch":1,"lastFunction":1,"lastStatement":1,"seen":{"f:1:9:1:14":0,"b:1:38:1:44":0,"s:2:2:2:Infinity":0},"fnNames":{}}}
,"D:\\RPrem\\Desktop\\mern-notes-project\\notes-client\\src\\components\\common\\ErrorMessage.jsx": {"path":"D:\\RPrem\\Desktop\\mern-notes-project\\notes-client\\src\\components\\common\\ErrorMessage.jsx","statementMap":{"0":{"start":{"line":2,"column":2},"end":{"line":4,"column":null}},"1":{"start":{"line":3,"column":4},"end":{"line":3,"column":null}},"2":{"start":{"line":6,"column":2},"end":{"line":9,"column":null}}},"fnMap":{"0":{"name":"ErrorMessage","decl":{"start":{"line":1,"column":9},"end":{"line":1,"column":22}},"loc":{"start":{"line":1,"column":35},"end":{"line":11,"column":null}},"line":1}},"branchMap":{"0":{"loc":{"start":{"line":2,"column":2},"end":{"line":4,"column":null}},"type":"if","locations":[{"start":{"line":2,"column":2},"end":{"line":4,"column":null}},{"start":{},"end":{}}],"line":2}},"s":{"0":486,"1":469,"2":17},"f":{"0":486},"b":{"0":[469,17]},"meta":{"lastBranch":1,"lastFunction":1,"lastStatement":3,"seen":{"f:1:9:1:22":0,"b:2:2:4:Infinity:undefined:undefined:undefined:undefined":0,"s:2:2:4:Infinity":0,"s:3:4:3:Infinity":1,"s:6:2:9:Infinity":2},"fnNames":{}}}
,"D:\\RPrem\\Desktop\\mern-notes-project\\notes-client\\src\\components\\common\\Input.jsx": {"path":"D:\\RPrem\\Desktop\\mern-notes-project\\notes-client\\src\\components\\common\\Input.jsx","statementMap":{"0":{"start":{"line":9,"column":2},"end":{"line":22,"column":null}}},"fnMap":{"0":{"name":"Input","decl":{"start":{"line":1,"column":9},"end":{"line":1,"column":15}},"loc":{"start":{"line":8,"column":3},"end":{"line":24,"column":null}},"line":8}},"branchMap":{"0":{"loc":{"start":{"line":6,"column":2},"end":{"line":6,"column":null}},"type":"default-arg","locations":[{"start":{"line":6,"column":9},"end":{"line":6,"column":null}}],"line":6},"1":{"loc":{"start":{"line":7,"column":2},"end":{"line":7,"column":null}},"type":"default-arg","locations":[{"start":{"line":7,"column":16},"end":{"line":7,"column":null}}],"line":7},"2":{"loc":{"start":{"line":11,"column":7},"end":{"line":13,"column":7}},"type":"binary-expr","locations":[{"start":{"line":11,"column":7},"end":{"line":11,"column":16}},{"start":{"line":11,"column":16},"end":{"line":13,"column":7}}],"line":11}},"s":{"0":707},"f":{"0":707},"b":{"0":[707],"1":[707],"2":[707,707]},"meta":{"lastBranch":3,"lastFunction":1,"lastStatement":1,"seen":{"f:1:9:1:15":0,"b:6:9:6:Infinity":0,"b:7:16:7:Infinity":1,"s:9:2:22:Infinity":0,"b:11:7:11:16:11:16:13:7":2},"fnNames":{}}}
,"D:\\RPrem\\Desktop\\mern-notes-project\\notes-client\\src\\components\\common\\Loader.jsx": {"path":"D:\\RPrem\\Desktop\\mern-notes-project\\notes-client\\src\\components\\common\\Loader.jsx","statementMap":{"0":{"start":{"line":2,"column":2},"end":{"line":2,"column":null}}},"fnMap":{"0":{"name":"Loader","decl":{"start":{"line":1,"column":9},"end":{"line":1,"column":16}},"loc":{"start":{"line":1,"column":44},"end":{"line":3,"column":null}},"line":1}},"branchMap":{"0":{"loc":{"start":{"line":1,"column":18},"end":{"line":1,"column":44}},"type":"default-arg","locations":[{"start":{"line":1,"column":28},"end":{"line":1,"column":44}}],"line":1}},"s":{"0":2},"f":{"0":2},"b":{"0":[2]},"meta":{"lastBranch":1,"lastFunction":1,"lastStatement":1,"seen":{"f:1:9:1:16":0,"b:1:28:1:44":0,"s:2:2:2:Infinity":0},"fnNames":{}}}
,"D:\\RPrem\\Desktop\\mern-notes-project\\notes-client\\src\\components\\common\\SuccessMessage.jsx": {"path":"D:\\RPrem\\Desktop\\mern-notes-project\\notes-client\\src\\components\\common\\SuccessMessage.jsx","statementMap":{"0":{"start":{"line":2,"column":2},"end":{"line":4,"column":null}},"1":{"start":{"line":3,"column":4},"end":{"line":3,"column":null}},"2":{"start":{"line":6,"column":2},"end":{"line":6,"column":null}}},"fnMap":{"0":{"name":"SuccessMessage","decl":{"start":{"line":1,"column":9},"end":{"line":1,"column":24}},"loc":{"start":{"line":1,"column":37},"end":{"line":7,"column":null}},"line":1}},"branchMap":{"0":{"loc":{"start":{"line":2,"column":2},"end":{"line":4,"column":null}},"type":"if","locations":[{"start":{"line":2,"column":2},"end":{"line":4,"column":null}},{"start":{},"end":{}}],"line":2}},"s":{"0":2,"1":1,"2":1},"f":{"0":2},"b":{"0":[1,1]},"meta":{"lastBranch":1,"lastFunction":1,"lastStatement":3,"seen":{"f:1:9:1:24":0,"b:2:2:4:Infinity:undefined:undefined:undefined:undefined":0,"s:2:2:4:Infinity":0,"s:3:4:3:Infinity":1,"s:6:2:6:Infinity":2},"fnNames":{}}}
,"D:\\RPrem\\Desktop\\mern-notes-project\\notes-client\\src\\components\\common\\Textarea.jsx": {"path":"D:\\RPrem\\Desktop\\mern-notes-project\\notes-client\\src\\components\\common\\Textarea.jsx","statementMap":{"0":{"start":{"line":9,"column":2},"end":{"line":22,"column":null}}},"fnMap":{"0":{"name":"Textarea","decl":{"start":{"line":1,"column":9},"end":{"line":1,"column":18}},"loc":{"start":{"line":8,"column":3},"end":{"line":24,"column":null}},"line":8}},"branchMap":{"0":{"loc":{"start":{"line":6,"column":2},"end":{"line":6,"column":null}},"type":"default-arg","locations":[{"start":{"line":6,"column":16},"end":{"line":6,"column":null}}],"line":6},"1":{"loc":{"start":{"line":7,"column":2},"end":{"line":7,"column":null}},"type":"default-arg","locations":[{"start":{"line":7,"column":9},"end":{"line":7,"column":null}}],"line":7},"2":{"loc":{"start":{"line":11,"column":7},"end":{"line":13,"column":7}},"type":"binary-expr","locations":[{"start":{"line":11,"column":7},"end":{"line":11,"column":16}},{"start":{"line":11,"column":16},"end":{"line":13,"column":7}}],"line":11}},"s":{"0":286},"f":{"0":286},"b":{"0":[286],"1":[286],"2":[286,286]},"meta":{"lastBranch":3,"lastFunction":1,"lastStatement":1,"seen":{"f:1:9:1:18":0,"b:6:16:6:Infinity":0,"b:7:9:7:Infinity":1,"s:9:2:22:Infinity":0,"b:11:7:11:16:11:16:13:7":2},"fnNames":{}}}
,"D:\\RPrem\\Desktop\\mern-notes-project\\notes-client\\src\\components\\notes\\NoteCard.jsx": {"path":"D:\\RPrem\\Desktop\\mern-notes-project\\notes-client\\src\\components\\notes\\NoteCard.jsx","statementMap":{"0":{"start":{"line":12,"column":2},"end":{"line":56,"column":null}},"1":{"start":{"line":34,"column":25},"end":{"line":34,"column":null}},"2":{"start":{"line":42,"column":25},"end":{"line":42,"column":null}},"3":{"start":{"line":50,"column":25},"end":{"line":50,"column":null}}},"fnMap":{"0":{"name":"NoteCard","decl":{"start":{"line":5,"column":9},"end":{"line":5,"column":18}},"loc":{"start":{"line":11,"column":3},"end":{"line":58,"column":null}},"line":11},"1":{"name":"(anonymous_1)","decl":{"start":{"line":34,"column":10},"end":{"line":34,"column":25}},"loc":{"start":{"line":34,"column":25},"end":{"line":34,"column":null}},"line":34},"2":{"name":"(anonymous_2)","decl":{"start":{"line":42,"column":10},"end":{"line":42,"column":25}},"loc":{"start":{"line":42,"column":25},"end":{"line":42,"column":null}},"line":42},"3":{"name":"(anonymous_3)","decl":{"start":{"line":50,"column":10},"end":{"line":50,"column":25}},"loc":{"start":{"line":50,"column":25},"end":{"line":50,"column":null}},"line":50}},"branchMap":{"0":{"loc":{"start":{"line":10,"column":2},"end":{"line":10,"column":null}},"type":"default-arg","locations":[{"start":{"line":10,"column":18},"end":{"line":10,"column":null}}],"line":10},"1":{"loc":{"start":{"line":19,"column":12},"end":{"line":19,"column":null}},"type":"cond-expr","locations":[{"start":{"line":19,"column":29},"end":{"line":19,"column":57}},{"start":{"line":19,"column":57},"end":{"line":19,"column":null}}],"line":19},"2":{"loc":{"start":{"line":22,"column":11},"end":{"line":22,"column":null}},"type":"cond-expr","locations":[{"start":{"line":22,"column":28},"end":{"line":22,"column":42}},{"start":{"line":22,"column":42},"end":{"line":22,"column":null}}],"line":22},"3":{"loc":{"start":{"line":36,"column":11},"end":{"line":36,"column":null}},"type":"cond-expr","locations":[{"start":{"line":36,"column":28},"end":{"line":36,"column":45}},{"start":{"line":36,"column":45},"end":{"line":36,"column":null}}],"line":36}},"s":{"0":10,"1":1,"2":1,"3":1},"f":{"0":10,"1":1,"2":1,"3":1},"b":{"0":[10],"1":[2,8],"2":[2,8],"3":[2,8]},"meta":{"lastBranch":4,"lastFunction":4,"lastStatement":4,"seen":{"f:5:9:5:18":0,"b:10:18:10:Infinity":0,"s:12:2:56:Infinity":0,"b:19:29:19:57:19:57:19:Infinity":1,"b:22:28:22:42:22:42:22:Infinity":2,"f:34:10:34:25":1,"s:34:25:34:Infinity":1,"b:36:28:36:45:36:45:36:Infinity":3,"f:42:10:42:25":2,"s:42:25:42:Infinity":2,"f:50:10:50:25":3,"s:50:25:50:Infinity":3},"fnNames":{}}}
,"D:\\RPrem\\Desktop\\mern-notes-project\\notes-client\\src\\components\\notes\\NoteForm.jsx": {"path":"D:\\RPrem\\Desktop\\mern-notes-project\\notes-client\\src\\components\\notes\\NoteForm.jsx","statementMap":{"0":{"start":{"line":14,"column":16},"end":{"line":14,"column":null}},"1":{"start":{"line":15,"column":18},"end":{"line":15,"column":null}},"2":{"start":{"line":16,"column":16},"end":{"line":16,"column":null}},"3":{"start":{"line":18,"column":2},"end":{"line":28,"column":null}},"4":{"start":{"line":19,"column":4},"end":{"line":25,"column":null}},"5":{"start":{"line":20,"column":6},"end":{"line":20,"column":null}},"6":{"start":{"line":21,"column":6},"end":{"line":21,"column":null}},"7":{"start":{"line":23,"column":6},"end":{"line":23,"column":null}},"8":{"start":{"line":24,"column":6},"end":{"line":24,"column":null}},"9":{"start":{"line":27,"column":4},"end":{"line":27,"column":null}},"10":{"start":{"line":31,"column":4},"end":{"line":31,"column":null}},"11":{"start":{"line":32,"column":4},"end":{"line":32,"column":null}},"12":{"start":{"line":34,"column":4},"end":{"line":37,"column":null}},"13":{"start":{"line":35,"column":6},"end":{"line":35,"column":null}},"14":{"start":{"line":36,"column":6},"end":{"line":36,"column":null}},"15":{"start":{"line":39,"column":4},"end":{"line":42,"column":null}},"16":{"start":{"line":40,"column":4},"end":{"line":40,"column":null}},"17":{"start":{"line":41,"column":4},"end":{"line":41,"column":null}},"18":{"start":{"line":44,"column":0},"end":{"line":47,"column":null}},"19":{"start":{"line":45,"column":2},"end":{"line":45,"column":null}},"20":{"start":{"line":46,"column":2},"end":{"line":46,"column":null}},"21":{"start":{"line":49,"column":4},"end":{"line":52,"column":null}},"22":{"start":{"line":50,"column":6},"end":{"line":50,"column":null}},"23":{"start":{"line":51,"column":6},"end":{"line":51,"column":null}},"24":{"start":{"line":54,"column":4},"end":{"line":66,"column":null}},"25":{"start":{"line":55,"column":6},"end":{"line":59,"column":null}},"26":{"start":{"line":61,"column":6},"end":{"line":65,"column":null}},"27":{"start":{"line":68,"column":4},"end":{"line":68,"column":null}},"28":{"start":{"line":69,"column":4},"end":{"line":69,"column":null}},"29":{"start":{"line":72,"column":2},"end":{"line":107,"column":null}},"30":{"start":{"line":82,"column":25},"end":{"line":82,"column":null}},"31":{"start":{"line":91,"column":27},"end":{"line":91,"column":null}}},"fnMap":{"0":{"name":"NoteForm","decl":{"start":{"line":7,"column":9},"end":{"line":7,"column":18}},"loc":{"start":{"line":13,"column":3},"end":{"line":109,"column":null}},"line":13},"1":{"name":"(anonymous_1)","decl":{"start":{"line":18,"column":2},"end":{"line":18,"column":18}},"loc":{"start":{"line":18,"column":18},"end":{"line":28,"column":5}},"line":18},"2":{"name":"handleSubmit","decl":{"start":{"line":30,"column":11},"end":{"line":30,"column":24}},"loc":{"start":{"line":30,"column":27},"end":{"line":70,"column":null}},"line":30},"3":{"name":"(anonymous_3)","decl":{"start":{"line":82,"column":8},"end":{"line":82,"column":19}},"loc":{"start":{"line":82,"column":25},"end":{"line":82,"column":null}},"line":82},"4":{"name":"(anonymous_4)","decl":{"start":{"line":91,"column":10},"end":{"line":91,"column":21}},"loc":{"start":{"line":91,"column":27},"end":{"line":91,"column":null}},"line":91}},"branchMap":{"0":{"loc":{"start":{"line":12,"column":2},"end":{"line":12,"column":null}},"type":"default-arg","locations":[{"start":{"line":12,"column":10},"end":{"line":12,"column":null}}],"line":12},"1":{"loc":{"start":{"line":19,"column":4},"end":{"line":25,"column":null}},"type":"if","locations":[{"start":{"line":19,"column":4},"end":{"line":25,"column":null}},{"start":{"line":22,"column":11},"end":{"line":25,"column":null}}],"line":19},"2":{"loc":{"start":{"line":34,"column":4},"end":{"line":37,"column":null}},"type":"if","locations":[{"start":{"line":34,"column":4},"end":{"line":37,"column":null}},{"start":{},"end":{}}],"line":34},"3":{"loc":{"start":{"line":39,"column":4},"end":{"line":42,"column":null}},"type":"if","locations":[{"start":{"line":39,"column":4},"end":{"line":42,"column":null}},{"start":{},"end":{}}],"line":39},"4":{"loc":{"start":{"line":44,"column":0},"end":{"line":47,"column":null}},"type":"if","locations":[{"start":{"line":44,"column":0},"end":{"line":47,"column":null}},{"start":{},"end":{}}],"line":44},"5":{"loc":{"start":{"line":49,"column":4},"end":{"line":52,"column":null}},"type":"if","locations":[{"start":{"line":49,"column":4},"end":{"line":52,"column":null}},{"start":{},"end":{}}],"line":49},"6":{"loc":{"start":{"line":54,"column":4},"end":{"line":66,"column":null}},"type":"if","locations":[{"start":{"line":54,"column":4},"end":{"line":66,"column":null}},{"start":{"line":60,"column":11},"end":{"line":66,"column":null}}],"line":54},"7":{"loc":{"start":{"line":74,"column":11},"end":{"line":74,"column":57}},"type":"cond-expr","locations":[{"start":{"line":74,"column":25},"end":{"line":74,"column":39}},{"start":{"line":74,"column":39},"end":{"line":74,"column":57}}],"line":74},"8":{"loc":{"start":{"line":97,"column":9},"end":{"line":99,"column":null}},"type":"cond-expr","locations":[{"start":{"line":98,"column":10},"end":{"line":98,"column":null}},{"start":{"line":99,"column":10},"end":{"line":99,"column":null}}],"line":97},"9":{"loc":{"start":{"line":98,"column":10},"end":{"line":98,"column":null}},"type":"cond-expr","locations":[{"start":{"line":98,"column":23},"end":{"line":98,"column":38}},{"start":{"line":98,"column":38},"end":{"line":98,"column":null}}],"line":98},"10":{"loc":{"start":{"line":99,"column":10},"end":{"line":99,"column":null}},"type":"cond-expr","locations":[{"start":{"line":99,"column":23},"end":{"line":99,"column":38}},{"start":{"line":99,"column":38},"end":{"line":99,"column":null}}],"line":99},"11":{"loc":{"start":{"line":102,"column":9},"end":{"line":105,"column":null}},"type":"binary-expr","locations":[{"start":{"line":102,"column":9},"end":{"line":102,"column":null}},{"start":{"line":103,"column":8},"end":{"line":105,"column":null}}],"line":102}},"s":{"0":254,"1":254,"2":254,"3":254,"4":11,"5":4,"6":4,"7":7,"8":7,"9":11,"10":7,"11":7,"12":7,"13":1,"14":1,"15":6,"16":1,"17":1,"18":5,"19":1,"20":1,"21":4,"22":1,"23":1,"24":3,"25":1,"26":2,"27":3,"28":3,"29":254,"30":148,"31":78},"f":{"0":254,"1":11,"2":7,"3":148,"4":78},"b":{"0":[254],"1":[4,7],"2":[1,6],"3":[1,5],"4":[1,4],"5":[1,3],"6":[1,2],"7":[39,215],"8":[3,251],"9":[2,1],"10":[37,214],"11":[254,39]},"meta":{"lastBranch":12,"lastFunction":5,"lastStatement":32,"seen":{"f:7:9:7:18":0,"b:12:10:12:Infinity":0,"s:14:16:14:Infinity":0,"s:15:18:15:Infinity":1,"s:16:16:16:Infinity":2,"s:18:2:28:Infinity":3,"f:18:2:18:18":1,"b:19:4:25:Infinity:22:11:25:Infinity":1,"s:19:4:25:Infinity":4,"s:20:6:20:Infinity":5,"s:21:6:21:Infinity":6,"s:23:6:23:Infinity":7,"s:24:6:24:Infinity":8,"s:27:4:27:Infinity":9,"f:30:11:30:24":2,"s:31:4:31:Infinity":10,"s:32:4:32:Infinity":11,"b:34:4:37:Infinity:undefined:undefined:undefined:undefined":2,"s:34:4:37:Infinity":12,"s:35:6:35:Infinity":13,"s:36:6:36:Infinity":14,"b:39:4:42:Infinity:undefined:undefined:undefined:undefined":3,"s:39:4:42:Infinity":15,"s:40:4:40:Infinity":16,"s:41:4:41:Infinity":17,"b:44:0:47:Infinity:undefined:undefined:undefined:undefined":4,"s:44:0:47:Infinity":18,"s:45:2:45:Infinity":19,"s:46:2:46:Infinity":20,"b:49:4:52:Infinity:undefined:undefined:undefined:undefined":5,"s:49:4:52:Infinity":21,"s:50:6:50:Infinity":22,"s:51:6:51:Infinity":23,"b:54:4:66:Infinity:60:11:66:Infinity":6,"s:54:4:66:Infinity":24,"s:55:6:59:Infinity":25,"s:61:6:65:Infinity":26,"s:68:4:68:Infinity":27,"s:69:4:69:Infinity":28,"s:72:2:107:Infinity":29,"b:74:25:74:39:74:39:74:57":7,"f:82:8:82:19":3,"s:82:25:82:Infinity":30,"f:91:10:91:21":4,"s:91:27:91:Infinity":31,"b:98:10:98:Infinity:99:10:99:Infinity":8,"b:98:23:98:38:98:38:98:Infinity":9,"b:99:23:99:38:99:38:99:Infinity":10,"b:102:9:102:Infinity:103:8:105:Infinity":11},"fnNames":{}}}
,"D:\\RPrem\\Desktop\\mern-notes-project\\notes-client\\src\\components\\notes\\NoteSearch.jsx": {"path":"D:\\RPrem\\Desktop\\mern-notes-project\\notes-client\\src\\components\\notes\\NoteSearch.jsx","statementMap":{"0":{"start":{"line":6,"column":23},"end":{"line":6,"column":null}},"1":{"start":{"line":9,"column":4},"end":{"line":9,"column":null}},"2":{"start":{"line":11,"column":4},"end":{"line":11,"column":null}},"3":{"start":{"line":15,"column":4},"end":{"line":15,"column":null}},"4":{"start":{"line":16,"column":4},"end":{"line":16,"column":null}},"5":{"start":{"line":19,"column":4},"end":{"line":34,"column":null}},"6":{"start":{"line":25,"column":25},"end":{"line":25,"column":null}}},"fnMap":{"0":{"name":"NoteSearch","decl":{"start":{"line":5,"column":9},"end":{"line":5,"column":20}},"loc":{"start":{"line":5,"column":53},"end":{"line":36,"column":null}},"line":5},"1":{"name":"handleSubmit","decl":{"start":{"line":8,"column":13},"end":{"line":8,"column":26}},"loc":{"start":{"line":8,"column":29},"end":{"line":12,"column":null}},"line":8},"2":{"name":"handleClear","decl":{"start":{"line":14,"column":13},"end":{"line":14,"column":27}},"loc":{"start":{"line":14,"column":27},"end":{"line":17,"column":null}},"line":14},"3":{"name":"(anonymous_3)","decl":{"start":{"line":25,"column":8},"end":{"line":25,"column":19}},"loc":{"start":{"line":25,"column":25},"end":{"line":25,"column":null}},"line":25}},"branchMap":{"0":{"loc":{"start":{"line":5,"column":32},"end":{"line":5,"column":53}},"type":"default-arg","locations":[{"start":{"line":5,"column":47},"end":{"line":5,"column":53}}],"line":5}},"s":{"0":19,"1":2,"2":2,"3":0,"4":0,"5":19,"6":16},"f":{"0":19,"1":2,"2":0,"3":16},"b":{"0":[19]},"meta":{"lastBranch":1,"lastFunction":4,"lastStatement":7,"seen":{"f:5:9:5:20":0,"b:5:47:5:53":0,"s:6:23:6:Infinity":0,"f:8:13:8:26":1,"s:9:4:9:Infinity":1,"s:11:4:11:Infinity":2,"f:14:13:14:27":2,"s:15:4:15:Infinity":3,"s:16:4:16:Infinity":4,"s:19:4:34:Infinity":5,"f:25:8:25:19":3,"s:25:25:25:Infinity":6},"fnNames":{}}}
,"D:\\RPrem\\Desktop\\mern-notes-project\\notes-client\\src\\components\\notes\\NotesList.jsx": {"path":"D:\\RPrem\\Desktop\\mern-notes-project\\notes-client\\src\\components\\notes\\NotesList.jsx","statementMap":{"0":{"start":{"line":11,"column":2},"end":{"line":24,"column":null}},"1":{"start":{"line":12,"column":4},"end":{"line":22,"column":null}},"2":{"start":{"line":26,"column":2},"end":{"line":38,"column":null}},"3":{"start":{"line":29,"column":8},"end":{"line":36,"column":null}}},"fnMap":{"0":{"name":"NotesList","decl":{"start":{"line":3,"column":9},"end":{"line":3,"column":19}},"loc":{"start":{"line":10,"column":3},"end":{"line":40,"column":null}},"line":10},"1":{"name":"(anonymous_1)","decl":{"start":{"line":28,"column":13},"end":{"line":28,"column":18}},"loc":{"start":{"line":29,"column":8},"end":{"line":36,"column":null}},"line":29}},"branchMap":{"0":{"loc":{"start":{"line":5,"column":2},"end":{"line":5,"column":null}},"type":"default-arg","locations":[{"start":{"line":5,"column":11},"end":{"line":5,"column":null}}],"line":5},"1":{"loc":{"start":{"line":9,"column":2},"end":{"line":9,"column":null}},"type":"default-arg","locations":[{"start":{"line":9,"column":18},"end":{"line":9,"column":null}}],"line":9},"2":{"loc":{"start":{"line":11,"column":2},"end":{"line":24,"column":null}},"type":"if","locations":[{"start":{"line":11,"column":2},"end":{"line":24,"column":null}},{"start":{},"end":{}}],"line":11},"3":{"loc":{"start":{"line":14,"column":9},"end":{"line":22,"column":null}},"type":"cond-expr","locations":[{"start":{"line":15,"column":10},"end":{"line":17,"column":null}},{"start":{"line":17,"column":10},"end":{"line":22,"column":null}}],"line":14}},"s":{"0":3,"1":2,"2":1,"3":2},"f":{"0":3,"1":2},"b":{"0":[3],"1":[3],"2":[2,1],"3":[1,1]},"meta":{"lastBranch":4,"lastFunction":2,"lastStatement":4,"seen":{"f:3:9:3:19":0,"b:5:11:5:Infinity":0,"b:9:18:9:Infinity":1,"b:11:2:24:Infinity:undefined:undefined:undefined:undefined":2,"s:11:2:24:Infinity":0,"s:12:4:22:Infinity":1,"b:15:10:17:Infinity:17:10:22:Infinity":3,"s:26:2:38:Infinity":2,"f:28:13:28:18":1,"s:29:8:36:Infinity":3},"fnNames":{}}}
,"D:\\RPrem\\Desktop\\mern-notes-project\\notes-client\\src\\components\\profile\\ProfileImageForm.jsx": {"path":"D:\\RPrem\\Desktop\\mern-notes-project\\notes-client\\src\\components\\profile\\ProfileImageForm.jsx","statementMap":{"0":{"start":{"line":7,"column":16},"end":{"line":7,"column":null}},"1":{"start":{"line":8,"column":21},"end":{"line":8,"column":null}},"2":{"start":{"line":9,"column":16},"end":{"line":9,"column":null}},"3":{"start":{"line":11,"column":2},"end":{"line":17,"column":null}},"4":{"start":{"line":12,"column":4},"end":{"line":16,"column":null}},"5":{"start":{"line":13,"column":6},"end":{"line":15,"column":null}},"6":{"start":{"line":14,"column":8},"end":{"line":14,"column":null}},"7":{"start":{"line":20,"column":25},"end":{"line":20,"column":null}},"8":{"start":{"line":22,"column":4},"end":{"line":26,"column":null}},"9":{"start":{"line":23,"column":6},"end":{"line":23,"column":null}},"10":{"start":{"line":24,"column":6},"end":{"line":24,"column":null}},"11":{"start":{"line":25,"column":6},"end":{"line":25,"column":null}},"12":{"start":{"line":28,"column":4},"end":{"line":33,"column":null}},"13":{"start":{"line":29,"column":6},"end":{"line":29,"column":null}},"14":{"start":{"line":30,"column":6},"end":{"line":30,"column":null}},"15":{"start":{"line":31,"column":6},"end":{"line":31,"column":null}},"16":{"start":{"line":32,"column":6},"end":{"line":32,"column":null}},"17":{"start":{"line":35,"column":20},"end":{"line":35,"column":null}},"18":{"start":{"line":37,"column":4},"end":{"line":42,"column":null}},"19":{"start":{"line":38,"column":6},"end":{"line":38,"column":null}},"20":{"start":{"line":39,"column":6},"end":{"line":39,"column":null}},"21":{"start":{"line":40,"column":6},"end":{"line":40,"column":null}},"22":{"start":{"line":41,"column":6},"end":{"line":41,"column":null}},"23":{"start":{"line":44,"column":4},"end":{"line":46,"column":null}},"24":{"start":{"line":45,"column":6},"end":{"line":45,"column":null}},"25":{"start":{"line":48,"column":4},"end":{"line":48,"column":null}},"26":{"start":{"line":49,"column":4},"end":{"line":49,"column":null}},"27":{"start":{"line":50,"column":4},"end":{"line":50,"column":null}},"28":{"start":{"line":54,"column":4},"end":{"line":54,"column":null}},"29":{"start":{"line":55,"column":4},"end":{"line":55,"column":null}},"30":{"start":{"line":57,"column":4},"end":{"line":60,"column":null}},"31":{"start":{"line":58,"column":6},"end":{"line":58,"column":null}},"32":{"start":{"line":59,"column":6},"end":{"line":59,"column":null}},"33":{"start":{"line":62,"column":21},"end":{"line":62,"column":null}},"34":{"start":{"line":63,"column":4},"end":{"line":63,"column":null}},"35":{"start":{"line":65,"column":4},"end":{"line":67,"column":null}},"36":{"start":{"line":66,"column":2},"end":{"line":66,"column":null}},"37":{"start":{"line":69,"column":20},"end":{"line":69,"column":null}},"38":{"start":{"line":71,"column":4},"end":{"line":75,"column":null}},"39":{"start":{"line":72,"column":6},"end":{"line":72,"column":null}},"40":{"start":{"line":73,"column":6},"end":{"line":73,"column":null}},"41":{"start":{"line":74,"column":6},"end":{"line":74,"column":null}},"42":{"start":{"line":78,"column":2},"end":{"line":109,"column":null}}},"fnMap":{"0":{"name":"ProfileImageForm","decl":{"start":{"line":6,"column":9},"end":{"line":6,"column":26}},"loc":{"start":{"line":6,"column":71},"end":{"line":111,"column":null}},"line":6},"1":{"name":"(anonymous_1)","decl":{"start":{"line":11,"column":2},"end":{"line":11,"column":18}},"loc":{"start":{"line":11,"column":18},"end":{"line":17,"column":5}},"line":11},"2":{"name":"(anonymous_2)","decl":{"start":{"line":12,"column":4},"end":{"line":12,"column":17}},"loc":{"start":{"line":12,"column":17},"end":{"line":16,"column":null}},"line":12},"3":{"name":"handleFileChange","decl":{"start":{"line":19,"column":11},"end":{"line":19,"column":28}},"loc":{"start":{"line":19,"column":31},"end":{"line":51,"column":null}},"line":19},"4":{"name":"handleSubmit","decl":{"start":{"line":53,"column":17},"end":{"line":53,"column":30}},"loc":{"start":{"line":53,"column":33},"end":{"line":76,"column":null}},"line":53}},"branchMap":{"0":{"loc":{"start":{"line":6,"column":52},"end":{"line":6,"column":71}},"type":"default-arg","locations":[{"start":{"line":6,"column":62},"end":{"line":6,"column":71}}],"line":6},"1":{"loc":{"start":{"line":13,"column":6},"end":{"line":15,"column":null}},"type":"if","locations":[{"start":{"line":13,"column":6},"end":{"line":15,"column":null}},{"start":{},"end":{}}],"line":13},"2":{"loc":{"start":{"line":22,"column":4},"end":{"line":26,"column":null}},"type":"if","locations":[{"start":{"line":22,"column":4},"end":{"line":26,"column":null}},{"start":{},"end":{}}],"line":22},"3":{"loc":{"start":{"line":28,"column":4},"end":{"line":33,"column":null}},"type":"if","locations":[{"start":{"line":28,"column":4},"end":{"line":33,"column":null}},{"start":{},"end":{}}],"line":28},"4":{"loc":{"start":{"line":37,"column":4},"end":{"line":42,"column":null}},"type":"if","locations":[{"start":{"line":37,"column":4},"end":{"line":42,"column":null}},{"start":{},"end":{}}],"line":37},"5":{"loc":{"start":{"line":44,"column":4},"end":{"line":46,"column":null}},"type":"if","locations":[{"start":{"line":44,"column":4},"end":{"line":46,"column":null}},{"start":{},"end":{}}],"line":44},"6":{"loc":{"start":{"line":57,"column":4},"end":{"line":60,"column":null}},"type":"if","locations":[{"start":{"line":57,"column":4},"end":{"line":60,"column":null}},{"start":{},"end":{}}],"line":57},"7":{"loc":{"start":{"line":71,"column":4},"end":{"line":75,"column":null}},"type":"if","locations":[{"start":{"line":71,"column":4},"end":{"line":75,"column":null}},{"start":{},"end":{}}],"line":71},"8":{"loc":{"start":{"line":95,"column":7},"end":{"line":103,"column":null}},"type":"binary-expr","locations":[{"start":{"line":95,"column":7},"end":{"line":95,"column":null}},{"start":{"line":96,"column":8},"end":{"line":103,"column":null}}],"line":95},"9":{"loc":{"start":{"line":107,"column":9},"end":{"line":107,"column":null}},"type":"cond-expr","locations":[{"start":{"line":107,"column":19},"end":{"line":107,"column":36}},{"start":{"line":107,"column":36},"end":{"line":107,"column":null}}],"line":107}},"s":{"0":14,"1":14,"2":14,"3":14,"4":10,"5":10,"6":2,"7":4,"8":4,"9":0,"10":0,"11":0,"12":4,"13":1,"14":1,"15":1,"16":1,"17":3,"18":3,"19":1,"20":1,"21":1,"22":1,"23":2,"24":0,"25":2,"26":2,"27":2,"28":2,"29":2,"30":2,"31":1,"32":1,"33":1,"34":1,"35":1,"36":1,"37":1,"38":1,"39":1,"40":1,"41":1,"42":14},"f":{"0":14,"1":10,"2":10,"3":4,"4":2},"b":{"0":[14],"1":[2,8],"2":[0,4],"3":[1,3],"4":[1,2],"5":[0,2],"6":[1,1],"7":[1,0],"8":[14,3],"9":[1,13]},"meta":{"lastBranch":10,"lastFunction":5,"lastStatement":43,"seen":{"f:6:9:6:26":0,"b:6:62:6:71":0,"s:7:16:7:Infinity":0,"s:8:21:8:Infinity":1,"s:9:16:9:Infinity":2,"s:11:2:17:Infinity":3,"f:11:2:11:18":1,"s:12:4:16:Infinity":4,"f:12:4:12:17":2,"b:13:6:15:Infinity:undefined:undefined:undefined:undefined":1,"s:13:6:15:Infinity":5,"s:14:8:14:Infinity":6,"f:19:11:19:28":3,"s:20:25:20:Infinity":7,"b:22:4:26:Infinity:undefined:undefined:undefined:undefined":2,"s:22:4:26:Infinity":8,"s:23:6:23:Infinity":9,"s:24:6:24:Infinity":10,"s:25:6:25:Infinity":11,"b:28:4:33:Infinity:undefined:undefined:undefined:undefined":3,"s:28:4:33:Infinity":12,"s:29:6:29:Infinity":13,"s:30:6:30:Infinity":14,"s:31:6:31:Infinity":15,"s:32:6:32:Infinity":16,"s:35:20:35:Infinity":17,"b:37:4:42:Infinity:undefined:undefined:undefined:undefined":4,"s:37:4:42:Infinity":18,"s:38:6:38:Infinity":19,"s:39:6:39:Infinity":20,"s:40:6:40:Infinity":21,"s:41:6:41:Infinity":22,"b:44:4:46:Infinity:undefined:undefined:undefined:undefined":5,"s:44:4:46:Infinity":23,"s:45:6:45:Infinity":24,"s:48:4:48:Infinity":25,"s:49:4:49:Infinity":26,"s:50:4:50:Infinity":27,"f:53:17:53:30":4,"s:54:4:54:Infinity":28,"s:55:4:55:Infinity":29,"b:57:4:60:Infinity:undefined:undefined:undefined:undefined":6,"s:57:4:60:Infinity":30,"s:58:6:58:Infinity":31,"s:59:6:59:Infinity":32,"s:62:21:62:Infinity":33,"s:63:4:63:Infinity":34,"s:65:4:67:Infinity":35,"s:66:2:66:Infinity":36,"s:69:20:69:Infinity":37,"b:71:4:75:Infinity:undefined:undefined:undefined:undefined":7,"s:71:4:75:Infinity":38,"s:72:6:72:Infinity":39,"s:73:6:73:Infinity":40,"s:74:6:74:Infinity":41,"s:78:2:109:Infinity":42,"b:95:7:95:Infinity:96:8:103:Infinity":8,"b:107:19:107:36:107:36:107:Infinity":9},"fnNames":{}}}
,"D:\\RPrem\\Desktop\\mern-notes-project\\notes-client\\src\\features\\auth\\authService.js": {"path":"D:\\RPrem\\Desktop\\mern-notes-project\\notes-client\\src\\features\\auth\\authService.js","statementMap":{"0":{"start":{"line":4,"column":21},"end":{"line":4,"column":null}},"1":{"start":{"line":5,"column":4},"end":{"line":5,"column":null}},"2":{"start":{"line":9,"column":21},"end":{"line":9,"column":null}},"3":{"start":{"line":10,"column":4},"end":{"line":10,"column":null}},"4":{"start":{"line":13,"column":27},"end":{"line":16,"column":null}}},"fnMap":{"0":{"name":"register","decl":{"start":{"line":3,"column":15},"end":{"line":3,"column":24}},"loc":{"start":{"line":3,"column":38},"end":{"line":6,"column":null}},"line":3},"1":{"name":"login","decl":{"start":{"line":8,"column":15},"end":{"line":8,"column":21}},"loc":{"start":{"line":8,"column":32},"end":{"line":11,"column":null}},"line":8}},"branchMap":{},"s":{"0":1,"1":1,"2":1,"3":1,"4":1},"f":{"0":1,"1":1},"b":{},"meta":{"lastBranch":0,"lastFunction":2,"lastStatement":5,"seen":{"f:3:15:3:24":0,"s:4:21:4:Infinity":0,"s:5:4:5:Infinity":1,"f:8:15:8:21":1,"s:9:21:9:Infinity":2,"s:10:4:10:Infinity":3,"s:13:27:16:Infinity":4},"fnNames":{}}}
,"D:\\RPrem\\Desktop\\mern-notes-project\\notes-client\\src\\features\\auth\\authUtils.js": {"path":"D:\\RPrem\\Desktop\\mern-notes-project\\notes-client\\src\\features\\auth\\authUtils.js","statementMap":{"0":{"start":{"line":1,"column":18},"end":{"line":1,"column":null}},"1":{"start":{"line":4,"column":4},"end":{"line":6,"column":null}},"2":{"start":{"line":5,"column":8},"end":{"line":5,"column":null}},"3":{"start":{"line":7,"column":4},"end":{"line":7,"column":null}},"4":{"start":{"line":11,"column":4},"end":{"line":11,"column":null}},"5":{"start":{"line":15,"column":4},"end":{"line":15,"column":null}},"6":{"start":{"line":19,"column":4},"end":{"line":19,"column":null}}},"fnMap":{"0":{"name":"saveToken","decl":{"start":{"line":3,"column":16},"end":{"line":3,"column":26}},"loc":{"start":{"line":3,"column":33},"end":{"line":8,"column":null}},"line":3},"1":{"name":"getToken","decl":{"start":{"line":10,"column":16},"end":{"line":10,"column":27}},"loc":{"start":{"line":10,"column":27},"end":{"line":12,"column":null}},"line":10},"2":{"name":"removeToken","decl":{"start":{"line":14,"column":16},"end":{"line":14,"column":30}},"loc":{"start":{"line":14,"column":30},"end":{"line":16,"column":null}},"line":14},"3":{"name":"isAuthenticated","decl":{"start":{"line":18,"column":16},"end":{"line":18,"column":34}},"loc":{"start":{"line":18,"column":34},"end":{"line":20,"column":null}},"line":18}},"branchMap":{"0":{"loc":{"start":{"line":4,"column":4},"end":{"line":6,"column":null}},"type":"if","locations":[{"start":{"line":4,"column":4},"end":{"line":6,"column":null}},{"start":{},"end":{}}],"line":4}},"s":{"0":2,"1":2,"2":1,"3":1,"4":7,"5":1,"6":2},"f":{"0":2,"1":7,"2":1,"3":2},"b":{"0":[1,1]},"meta":{"lastBranch":1,"lastFunction":4,"lastStatement":7,"seen":{"s:1:18:1:Infinity":0,"f:3:16:3:26":0,"b:4:4:6:Infinity:undefined:undefined:undefined:undefined":0,"s:4:4:6:Infinity":1,"s:5:8:5:Infinity":2,"s:7:4:7:Infinity":3,"f:10:16:10:27":1,"s:11:4:11:Infinity":4,"f:14:16:14:30":2,"s:15:4:15:Infinity":5,"f:18:16:18:34":3,"s:19:4:19:Infinity":6},"fnNames":{}}}
,"D:\\RPrem\\Desktop\\mern-notes-project\\notes-client\\src\\features\\comments\\commentService.js": {"path":"D:\\RPrem\\Desktop\\mern-notes-project\\notes-client\\src\\features\\comments\\commentService.js","statementMap":{"0":{"start":{"line":4,"column":21},"end":{"line":4,"column":null}},"1":{"start":{"line":5,"column":4},"end":{"line":5,"column":null}},"2":{"start":{"line":9,"column":21},"end":{"line":11,"column":null}},"3":{"start":{"line":13,"column":4},"end":{"line":13,"column":null}},"4":{"start":{"line":16,"column":30},"end":{"line":19,"column":null}}},"fnMap":{"0":{"name":"getCommentsByNote","decl":{"start":{"line":3,"column":15},"end":{"line":3,"column":33}},"loc":{"start":{"line":3,"column":41},"end":{"line":6,"column":null}},"line":3},"1":{"name":"createComment","decl":{"start":{"line":8,"column":15},"end":{"line":8,"column":29}},"loc":{"start":{"line":8,"column":43},"end":{"line":14,"column":null}},"line":8}},"branchMap":{},"s":{"0":1,"1":1,"2":1,"3":1,"4":1},"f":{"0":1,"1":1},"b":{},"meta":{"lastBranch":0,"lastFunction":2,"lastStatement":5,"seen":{"f:3:15:3:33":0,"s:4:21:4:Infinity":0,"s:5:4:5:Infinity":1,"f:8:15:8:29":1,"s:9:21:11:Infinity":2,"s:13:4:13:Infinity":3,"s:16:30:19:Infinity":4},"fnNames":{}}}
,"D:\\RPrem\\Desktop\\mern-notes-project\\notes-client\\src\\features\\notes\\noteService.js": {"path":"D:\\RPrem\\Desktop\\mern-notes-project\\notes-client\\src\\features\\notes\\noteService.js","statementMap":{"0":{"start":{"line":4,"column":19},"end":{"line":10,"column":null}},"1":{"start":{"line":11,"column":4},"end":{"line":11,"column":null}},"2":{"start":{"line":15,"column":21},"end":{"line":15,"column":null}},"3":{"start":{"line":16,"column":4},"end":{"line":16,"column":null}},"4":{"start":{"line":20,"column":19},"end":{"line":20,"column":null}},"5":{"start":{"line":21,"column":4},"end":{"line":21,"column":null}},"6":{"start":{"line":25,"column":19},"end":{"line":25,"column":null}},"7":{"start":{"line":26,"column":4},"end":{"line":26,"column":null}},"8":{"start":{"line":30,"column":19},"end":{"line":30,"column":null}},"9":{"start":{"line":31,"column":4},"end":{"line":31,"column":null}},"10":{"start":{"line":35,"column":21},"end":{"line":38,"column":null}},"11":{"start":{"line":40,"column":4},"end":{"line":40,"column":null}},"12":{"start":{"line":44,"column":21},"end":{"line":46,"column":null}},"13":{"start":{"line":48,"column":4},"end":{"line":48,"column":null}},"14":{"start":{"line":51,"column":27},"end":{"line":59,"column":null}}},"fnMap":{"0":{"name":"getNotes","decl":{"start":{"line":3,"column":15},"end":{"line":3,"column":24}},"loc":{"start":{"line":3,"column":56},"end":{"line":12,"column":null}},"line":3},"1":{"name":"getNoteById","decl":{"start":{"line":14,"column":15},"end":{"line":14,"column":27}},"loc":{"start":{"line":14,"column":35},"end":{"line":17,"column":null}},"line":14},"2":{"name":"createNote","decl":{"start":{"line":19,"column":15},"end":{"line":19,"column":26}},"loc":{"start":{"line":19,"column":36},"end":{"line":22,"column":null}},"line":19},"3":{"name":"updateNote","decl":{"start":{"line":24,"column":15},"end":{"line":24,"column":26}},"loc":{"start":{"line":24,"column":44},"end":{"line":27,"column":null}},"line":24},"4":{"name":"deleteNote","decl":{"start":{"line":29,"column":15},"end":{"line":29,"column":26}},"loc":{"start":{"line":29,"column":34},"end":{"line":32,"column":null}},"line":29},"5":{"name":"uploadAttachments","decl":{"start":{"line":34,"column":15},"end":{"line":34,"column":33}},"loc":{"start":{"line":34,"column":51},"end":{"line":41,"column":null}},"line":34},"6":{"name":"deleteAttachment","decl":{"start":{"line":43,"column":15},"end":{"line":43,"column":32}},"loc":{"start":{"line":43,"column":54},"end":{"line":49,"column":null}},"line":43}},"branchMap":{"0":{"loc":{"start":{"line":3,"column":24},"end":{"line":3,"column":56}},"type":"default-arg","locations":[{"start":{"line":3,"column":52},"end":{"line":3,"column":56}}],"line":3},"1":{"loc":{"start":{"line":3,"column":25},"end":{"line":3,"column":32}},"type":"default-arg","locations":[{"start":{"line":3,"column":30},"end":{"line":3,"column":32}}],"line":3},"2":{"loc":{"start":{"line":3,"column":32},"end":{"line":3,"column":41}},"type":"default-arg","locations":[{"start":{"line":3,"column":38},"end":{"line":3,"column":41}}],"line":3},"3":{"loc":{"start":{"line":3,"column":41},"end":{"line":3,"column":52}},"type":"default-arg","locations":[{"start":{"line":3,"column":48},"end":{"line":3,"column":52}}],"line":3}},"s":{"0":1,"1":1,"2":1,"3":1,"4":1,"5":1,"6":1,"7":1,"8":1,"9":1,"10":1,"11":1,"12":1,"13":1,"14":1},"f":{"0":1,"1":1,"2":1,"3":1,"4":1,"5":1,"6":1},"b":{"0":[1],"1":[1],"2":[1],"3":[1]},"meta":{"lastBranch":4,"lastFunction":7,"lastStatement":15,"seen":{"f:3:15:3:24":0,"b:3:52:3:56":0,"b:3:30:3:32":1,"b:3:38:3:41":2,"b:3:48:3:52":3,"s:4:19:10:Infinity":0,"s:11:4:11:Infinity":1,"f:14:15:14:27":1,"s:15:21:15:Infinity":2,"s:16:4:16:Infinity":3,"f:19:15:19:26":2,"s:20:19:20:Infinity":4,"s:21:4:21:Infinity":5,"f:24:15:24:26":3,"s:25:19:25:Infinity":6,"s:26:4:26:Infinity":7,"f:29:15:29:26":4,"s:30:19:30:Infinity":8,"s:31:4:31:Infinity":9,"f:34:15:34:33":5,"s:35:21:38:Infinity":10,"s:40:4:40:Infinity":11,"f:43:15:43:32":6,"s:44:21:46:Infinity":12,"s:48:4:48:Infinity":13,"s:51:27:59:Infinity":14},"fnNames":{}}}
,"D:\\RPrem\\Desktop\\mern-notes-project\\notes-client\\src\\features\\profile\\profileService.js": {"path":"D:\\RPrem\\Desktop\\mern-notes-project\\notes-client\\src\\features\\profile\\profileService.js","statementMap":{"0":{"start":{"line":4,"column":19},"end":{"line":4,"column":null}},"1":{"start":{"line":5,"column":2},"end":{"line":5,"column":null}},"2":{"start":{"line":9,"column":19},"end":{"line":9,"column":null}},"3":{"start":{"line":10,"column":2},"end":{"line":10,"column":null}},"4":{"start":{"line":14,"column":19},"end":{"line":14,"column":null}},"5":{"start":{"line":15,"column":2},"end":{"line":15,"column":null}},"6":{"start":{"line":18,"column":30},"end":{"line":22,"column":null}}},"fnMap":{"0":{"name":"getProfile","decl":{"start":{"line":3,"column":15},"end":{"line":3,"column":28}},"loc":{"start":{"line":3,"column":28},"end":{"line":6,"column":null}},"line":3},"1":{"name":"uploadProfilePicture","decl":{"start":{"line":8,"column":15},"end":{"line":8,"column":36}},"loc":{"start":{"line":8,"column":46},"end":{"line":11,"column":null}},"line":8},"2":{"name":"deleteProfilePicture","decl":{"start":{"line":13,"column":15},"end":{"line":13,"column":38}},"loc":{"start":{"line":13,"column":38},"end":{"line":16,"column":null}},"line":13}},"branchMap":{},"s":{"0":1,"1":1,"2":1,"3":1,"4":1,"5":1,"6":1},"f":{"0":1,"1":1,"2":1},"b":{},"meta":{"lastBranch":0,"lastFunction":3,"lastStatement":7,"seen":{"f:3:15:3:28":0,"s:4:19:4:Infinity":0,"s:5:2:5:Infinity":1,"f:8:15:8:36":1,"s:9:19:9:Infinity":2,"s:10:2:10:Infinity":3,"f:13:15:13:38":2,"s:14:19:14:Infinity":4,"s:15:2:15:Infinity":5,"s:18:30:22:Infinity":6},"fnNames":{}}}
,"D:\\RPrem\\Desktop\\mern-notes-project\\notes-client\\src\\pages\\LoginPage.jsx": {"path":"D:\\RPrem\\Desktop\\mern-notes-project\\notes-client\\src\\pages\\LoginPage.jsx","statementMap":{"0":{"start":{"line":11,"column":16},"end":{"line":11,"column":null}},"1":{"start":{"line":12,"column":18},"end":{"line":12,"column":null}},"2":{"start":{"line":14,"column":8},"end":{"line":14,"column":null}},"3":{"start":{"line":15,"column":8},"end":{"line":15,"column":null}},"4":{"start":{"line":16,"column":9},"end":{"line":16,"column":null}},"5":{"start":{"line":18,"column":23},"end":{"line":18,"column":null}},"6":{"start":{"line":21,"column":4},"end":{"line":34,"column":null}},"7":{"start":{"line":22,"column":6},"end":{"line":22,"column":null}},"8":{"start":{"line":23,"column":6},"end":{"line":23,"column":null}},"9":{"start":{"line":25,"column":21},"end":{"line":25,"column":null}},"10":{"start":{"line":27,"column":6},"end":{"line":27,"column":null}},"11":{"start":{"line":29,"column":6},"end":{"line":29,"column":null}},"12":{"start":{"line":31,"column":6},"end":{"line":31,"column":null}},"13":{"start":{"line":33,"column":6},"end":{"line":33,"column":null}},"14":{"start":{"line":37,"column":2},"end":{"line":46,"column":null}}},"fnMap":{"0":{"name":"LoginPage","decl":{"start":{"line":10,"column":9},"end":{"line":10,"column":21}},"loc":{"start":{"line":10,"column":21},"end":{"line":48,"column":null}},"line":10},"1":{"name":"handleLogin","decl":{"start":{"line":20,"column":17},"end":{"line":20,"column":29}},"loc":{"start":{"line":20,"column":39},"end":{"line":35,"column":null}},"line":20}},"branchMap":{"0":{"loc":{"start":{"line":41,"column":7},"end":{"line":41,"column":null}},"type":"binary-expr","locations":[{"start":{"line":41,"column":7},"end":{"line":41,"column":25}},{"start":{"line":41,"column":25},"end":{"line":41,"column":null}}],"line":41}},"s":{"0":8,"1":8,"2":8,"3":8,"4":8,"5":8,"6":2,"7":2,"8":2,"9":2,"10":1,"11":1,"12":1,"13":2,"14":8},"f":{"0":8,"1":2},"b":{"0":[8,1]},"meta":{"lastBranch":1,"lastFunction":2,"lastStatement":15,"seen":{"f:10:9:10:21":0,"s:11:16:11:Infinity":0,"s:12:18:12:Infinity":1,"s:14:8:14:Infinity":2,"s:15:8:15:Infinity":3,"s:16:9:16:Infinity":4,"s:18:23:18:Infinity":5,"f:20:17:20:29":1,"s:21:4:34:Infinity":6,"s:22:6:22:Infinity":7,"s:23:6:23:Infinity":8,"s:25:21:25:Infinity":9,"s:27:6:27:Infinity":10,"s:29:6:29:Infinity":11,"s:31:6:31:Infinity":12,"s:33:6:33:Infinity":13,"s:37:2:46:Infinity":14,"b:41:7:41:25:41:25:41:Infinity":0},"fnNames":{}}}
,"D:\\RPrem\\Desktop\\mern-notes-project\\notes-client\\src\\pages\\RegisterPage.jsx": {"path":"D:\\RPrem\\Desktop\\mern-notes-project\\notes-client\\src\\pages\\RegisterPage.jsx","statementMap":{"0":{"start":{"line":10,"column":16},"end":{"line":10,"column":null}},"1":{"start":{"line":11,"column":18},"end":{"line":11,"column":null}},"2":{"start":{"line":13,"column":8},"end":{"line":13,"column":null}},"3":{"start":{"line":16,"column":4},"end":{"line":31,"column":null}},"4":{"start":{"line":17,"column":6},"end":{"line":17,"column":null}},"5":{"start":{"line":18,"column":6},"end":{"line":18,"column":null}},"6":{"start":{"line":20,"column":6},"end":{"line":20,"column":null}},"7":{"start":{"line":22,"column":6},"end":{"line":26,"column":null}},"8":{"start":{"line":28,"column":6},"end":{"line":28,"column":null}},"9":{"start":{"line":30,"column":6},"end":{"line":30,"column":null}},"10":{"start":{"line":34,"column":2},"end":{"line":44,"column":null}}},"fnMap":{"0":{"name":"RegisterPage","decl":{"start":{"line":9,"column":9},"end":{"line":9,"column":24}},"loc":{"start":{"line":9,"column":24},"end":{"line":46,"column":null}},"line":9},"1":{"name":"handleRegister","decl":{"start":{"line":15,"column":17},"end":{"line":15,"column":32}},"loc":{"start":{"line":15,"column":42},"end":{"line":32,"column":null}},"line":15}},"branchMap":{},"s":{"0":7,"1":7,"2":7,"3":2,"4":2,"5":2,"6":2,"7":1,"8":1,"9":2,"10":7},"f":{"0":7,"1":2},"b":{},"meta":{"lastBranch":0,"lastFunction":2,"lastStatement":11,"seen":{"f:9:9:9:24":0,"s:10:16:10:Infinity":0,"s:11:18:11:Infinity":1,"s:13:8:13:Infinity":2,"f:15:17:15:32":1,"s:16:4:31:Infinity":3,"s:17:6:17:Infinity":4,"s:18:6:18:Infinity":5,"s:20:6:20:Infinity":6,"s:22:6:26:Infinity":7,"s:28:6:28:Infinity":8,"s:30:6:30:Infinity":9,"s:34:2:44:Infinity":10},"fnNames":{}}}
,"D:\\RPrem\\Desktop\\mern-notes-project\\notes-client\\src\\routes\\ProtectedRoutes.jsx": {"path":"D:\\RPrem\\Desktop\\mern-notes-project\\notes-client\\src\\routes\\ProtectedRoutes.jsx","statementMap":{"0":{"start":{"line":5,"column":10},"end":{"line":5,"column":null}},"1":{"start":{"line":7,"column":4},"end":{"line":9,"column":null}},"2":{"start":{"line":8,"column":4},"end":{"line":8,"column":null}},"3":{"start":{"line":11,"column":4},"end":{"line":11,"column":null}}},"fnMap":{"0":{"name":"ProtectedRoute","decl":{"start":{"line":4,"column":9},"end":{"line":4,"column":24}},"loc":{"start":{"line":4,"column":38},"end":{"line":12,"column":null}},"line":4}},"branchMap":{"0":{"loc":{"start":{"line":7,"column":4},"end":{"line":9,"column":null}},"type":"if","locations":[{"start":{"line":7,"column":4},"end":{"line":9,"column":null}},{"start":{},"end":{}}],"line":7}},"s":{"0":2,"1":2,"2":1,"3":1},"f":{"0":2},"b":{"0":[1,1]},"meta":{"lastBranch":1,"lastFunction":1,"lastStatement":4,"seen":{"f:4:9:4:24":0,"s:5:10:5:Infinity":0,"b:7:4:9:Infinity:undefined:undefined:undefined:undefined":0,"s:7:4:9:Infinity":1,"s:8:4:8:Infinity":2,"s:11:4:11:Infinity":3},"fnNames":{}}}
,"D:\\RPrem\\Desktop\\mern-notes-project\\notes-client\\src\\routes\\PublicOnlyRoute.jsx": {"path":"D:\\RPrem\\Desktop\\mern-notes-project\\notes-client\\src\\routes\\PublicOnlyRoute.jsx","statementMap":{"0":{"start":{"line":5,"column":11},"end":{"line":5,"column":null}},"1":{"start":{"line":7,"column":4},"end":{"line":9,"column":null}},"2":{"start":{"line":8,"column":4},"end":{"line":8,"column":null}},"3":{"start":{"line":11,"column":4},"end":{"line":11,"column":null}}},"fnMap":{"0":{"name":"PublicOnlyRoute","decl":{"start":{"line":4,"column":9},"end":{"line":4,"column":25}},"loc":{"start":{"line":4,"column":39},"end":{"line":12,"column":null}},"line":4}},"branchMap":{"0":{"loc":{"start":{"line":7,"column":4},"end":{"line":9,"column":null}},"type":"if","locations":[{"start":{"line":7,"column":4},"end":{"line":9,"column":null}},{"start":{},"end":{}}],"line":7}},"s":{"0":2,"1":2,"2":1,"3":1},"f":{"0":2},"b":{"0":[1,1]},"meta":{"lastBranch":1,"lastFunction":1,"lastStatement":4,"seen":{"f:4:9:4:25":0,"s:5:11:5:Infinity":0,"b:7:4:9:Infinity:undefined:undefined:undefined:undefined":0,"s:7:4:9:Infinity":1,"s:8:4:8:Infinity":2,"s:11:4:11:Infinity":3},"fnNames":{}}}
,"D:\\RPrem\\Desktop\\mern-notes-project\\notes-client\\src\\utils\\formatDate.js": {"path":"D:\\RPrem\\Desktop\\mern-notes-project\\notes-client\\src\\utils\\formatDate.js","statementMap":{"0":{"start":{"line":2,"column":2},"end":{"line":4,"column":null}},"1":{"start":{"line":3,"column":4},"end":{"line":3,"column":null}},"2":{"start":{"line":6,"column":2},"end":{"line":6,"column":null}}},"fnMap":{"0":{"name":"formatDate","decl":{"start":{"line":1,"column":16},"end":{"line":1,"column":27}},"loc":{"start":{"line":1,"column":38},"end":{"line":7,"column":null}},"line":1}},"branchMap":{"0":{"loc":{"start":{"line":2,"column":2},"end":{"line":4,"column":null}},"type":"if","locations":[{"start":{"line":2,"column":2},"end":{"line":4,"column":null}},{"start":{},"end":{}}],"line":2}},"s":{"0":2,"1":0,"2":2},"f":{"0":2},"b":{"0":[0,2]},"meta":{"lastBranch":1,"lastFunction":1,"lastStatement":3,"seen":{"f:1:16:1:27":0,"b:2:2:4:Infinity:undefined:undefined:undefined:undefined":0,"s:2:2:4:Infinity":0,"s:3:4:3:Infinity":1,"s:6:2:6:Infinity":2},"fnNames":{}}}
,"D:\\RPrem\\Desktop\\mern-notes-project\\notes-client\\src\\utils\\getErrorMessage.js": {"path":"D:\\RPrem\\Desktop\\mern-notes-project\\notes-client\\src\\utils\\getErrorMessage.js","statementMap":{"0":{"start":{"line":2,"column":4},"end":{"line":6,"column":null}}},"fnMap":{"0":{"name":"getErrorMessage","decl":{"start":{"line":1,"column":16},"end":{"line":1,"column":32}},"loc":{"start":{"line":1,"column":81},"end":{"line":8,"column":null}},"line":1}},"branchMap":{"0":{"loc":{"start":{"line":1,"column":39},"end":{"line":1,"column":81}},"type":"default-arg","locations":[{"start":{"line":1,"column":57},"end":{"line":1,"column":81}}],"line":1},"1":{"loc":{"start":{"line":3,"column":8},"end":{"line":6,"column":null}},"type":"binary-expr","locations":[{"start":{"line":3,"column":8},"end":{"line":3,"column":null}},{"start":{"line":4,"column":8},"end":{"line":4,"column":null}},{"start":{"line":5,"column":8},"end":{"line":5,"column":null}},{"start":{"line":6,"column":8},"end":{"line":6,"column":null}}],"line":3}},"s":{"0":2},"f":{"0":2},"b":{"0":[2],"1":[2,0,0,0]},"meta":{"lastBranch":2,"lastFunction":1,"lastStatement":1,"seen":{"f:1:16:1:32":0,"b:1:57:1:81":0,"s:2:4:6:Infinity":0,"b:3:8:3:Infinity:4:8:4:Infinity:5:8:5:Infinity:6:8:6:Infinity":1},"fnNames":{}}}
}
